Container: container_1565300265360_42149_01_000001 on wn04.itversity.com_45454
LogAggregationType: AGGREGATED
==============================================================================
LogType:directory.info
LogLastModifiedTime:Fri Dec 20 04:19:49 -0500 2019
LogLength:33829
LogContents:
ls -l:
total 48
lrwxrwxrwx 1 yarn hadoop   76 Dec 20 04:19 application.properties -> /hadoop/yarn/local/usercache/jdsatpathy/filecache/341/application.properties
-rw-r--r-- 1 yarn hadoop   76 Dec 20 04:19 container_tokens
-rwx------ 1 yarn hadoop  642 Dec 20 04:19 default_container_executor_session.sh
-rwx------ 1 yarn hadoop  696 Dec 20 04:19 default_container_executor.sh
lrwxrwxrwx 1 yarn hadoop   63 Dec 20 04:19 ingest.py -> /hadoop/yarn/local/usercache/jdsatpathy/filecache/345/ingest.py
-rwx------ 1 yarn hadoop 5763 Dec 20 04:19 launch_container.sh
lrwxrwxrwx 1 yarn hadoop   73 Dec 20 04:19 py4j-0.10.6-src.zip -> /hadoop/yarn/local/usercache/jdsatpathy/filecache/343/py4j-0.10.6-src.zip
lrwxrwxrwx 1 yarn hadoop   65 Dec 20 04:19 pyspark.zip -> /hadoop/yarn/local/usercache/jdsatpathy/filecache/342/pyspark.zip
lrwxrwxrwx 1 yarn hadoop   72 Dec 20 04:19 __spark_conf__ -> /hadoop/yarn/local/usercache/jdsatpathy/filecache/344/__spark_conf__.zip
lrwxrwxrwx 1 yarn hadoop   62 Dec 20 04:19 __spark_libs__ -> /hadoop/yarn/local/filecache/12/spark2-hdp-yarn-archive.tar.gz
drwx--x--- 2 yarn hadoop 4096 Dec 20 04:19 tmp
find -L . -maxdepth 5 -ls:
2884207    4 drwx--x---   3 yarn     hadoop       4096 Dec 20 04:19 .
2884556    4 drwx--x---   2 yarn     hadoop       4096 Dec 20 04:19 ./tmp
2884558    4 -rw-r--r--   1 yarn     hadoop         12 Dec 20 04:19 ./.container_tokens.crc
4063571   16 drwxr-xr-x   2 yarn     hadoop      16384 Aug  8 18:47 ./__spark_libs__
4063819 2328 -r-xr-xr-x   1 yarn     hadoop    2382246 May 11  2018 ./__spark_libs__/spark-network-common_2.11-2.3.0.2.6.5.0-292.jar
4063650 3864 -r-xr-xr-x   1 yarn     hadoop    3955990 May 11  2018 ./__spark_libs__/bcprov-jdk15on-1.58.jar
4063770  780 -r-xr-xr-x   1 yarn     hadoop     796326 May 11  2018 ./__spark_libs__/janino-3.0.8.jar
4063845  232 -r-xr-xr-x   1 yarn     hadoop     236660 May 11  2018 ./__spark_libs__/ST4-4.0.4.jar
4063677  676 -r-xr-xr-x   1 yarn     hadoop     691479 May 11  2018 ./__spark_libs__/apacheds-kerberos-codec-2.0.0-M15.jar
4063771  788 -r-xr-xr-x   1 yarn     hadoop     802818 May 11  2018 ./__spark_libs__/scalap-2.11.8.jar
4063808  576 -r-xr-xr-x   1 yarn     hadoop     589462 May 11  2018 ./__spark_libs__/json4s-core_2.11-3.2.11.jar
4063759   28 -r-xr-xr-x   1 yarn     hadoop      26366 May 11  2018 ./__spark_libs__/javax.annotation-api-1.2.jar
4063846  324 -r-xr-xr-x   1 yarn     hadoop     331034 May 11  2018 ./__spark_libs__/okhttp-2.7.5.jar
4063823   68 -r-xr-xr-x   1 yarn     hadoop      69409 May 11  2018 ./__spark_libs__/activation-1.1.1.jar
4063634  436 -r-xr-xr-x   1 yarn     hadoop     445288 May 11  2018 ./__spark_libs__/antlr-2.7.7.jar
4063695  164 -r-xr-xr-x   1 yarn     hadoop     164422 May 11  2018 ./__spark_libs__/core-1.1.2.jar
4063752 4468 -r-xr-xr-x   1 yarn     hadoop    4573750 May 11  2018 ./__spark_libs__/scala-reflect-2.11.8.jar
4063738   40 -r-xr-xr-x   1 yarn     hadoop      39283 May 11  2018 ./__spark_libs__/metrics-jvm-3.1.5.jar
4063748  184 -r-xr-xr-x   1 yarn     hadoop     185140 May 11  2018 ./__spark_libs__/commons-io-2.4.jar
4063813 1500 -r-xr-xr-x   1 yarn     hadoop    1535704 May 11  2018 ./__spark_libs__/hadoop-mapreduce-client-core-2.7.3.2.6.5.0-292.jar
4063726  120 -r-xr-xr-x   1 yarn     hadoop     118973 May 11  2018 ./__spark_libs__/hk2-utils-2.4.0-b34.jar
4063663   92 -r-xr-xr-x   1 yarn     hadoop      93210 May 11  2018 ./__spark_libs__/super-csv-2.2.0.jar
4063631  280 -r-xr-xr-x   1 yarn     hadoop     284220 May 11  2018 ./__spark_libs__/commons-lang-2.6.jar
4063657  788 -r-xr-xr-x   1 yarn     hadoop     803548 May 11  2018 ./__spark_libs__/zookeeper-3.4.6.2.6.5.0-292.jar
4063816  180 -r-xr-xr-x   1 yarn     hadoop     181271 May 11  2018 ./__spark_libs__/hk2-locator-2.4.0-b34.jar
4063827   44 -r-xr-xr-x   1 yarn     hadoop      42858 May 11  2018 ./__spark_libs__/jackson-module-paranamer-2.7.9.jar
4063718  576 -r-xr-xr-x   1 yarn     hadoop     588337 May 11  2018 ./__spark_libs__/commons-collections-3.2.2.jar
4063801  256 -r-xr-xr-x   1 yarn     hadoop     261230 May 11  2018 ./__spark_libs__/hadoop-azure-2.7.3.2.6.5.0-292.jar
4063712    4 -r-xr-xr-x   1 yarn     hadoop       3142 May 11  2018 ./__spark_libs__/macro-compat_2.11-1.1.1.jar
4063648   20 -r-xr-xr-x   1 yarn     hadoop      16560 May 11  2018 ./__spark_libs__/api-asn1-api-1.0.0-M20.jar
4063747  300 -r-xr-xr-x   1 yarn     hadoop     305001 May 11  2018 ./__spark_libs__/commons-httpclient-3.1.jar
4063643   64 -r-xr-xr-x   1 yarn     hadoop      63777 May 11  2018 ./__spark_libs__/validation-api-1.1.0.Final.jar
4063626 2732 -r-xr-xr-x   1 yarn     hadoop    2796935 May 11  2018 ./__spark_libs__/parquet-hadoop-bundle-1.6.0.jar
4063728 9888 -r-xr-xr-x   1 yarn     hadoop   10121868 May 11  2018 ./__spark_libs__/spire_2.11-0.13.0.jar
4063710  228 -r-xr-xr-x   1 yarn     hadoop     232248 May 11  2018 ./__spark_libs__/jackson-core-asl-1.9.13.jar
4063713   68 -r-xr-xr-x   1 yarn     hadoop      65928 May 11  2018 ./__spark_libs__/okio-1.6.0.jar
4063779  932 -r-xr-xr-x   1 yarn     hadoop     951701 May 11  2018 ./__spark_libs__/jersey-server-2.22.2.jar
4063630  480 -r-xr-xr-x   1 yarn     hadoop     489884 May 11  2018 ./__spark_libs__/log4j-1.2.17.jar
4063838  112 -r-xr-xr-x   1 yarn     hadoop     110600 May 11  2018 ./__spark_libs__/bonecp-0.8.0.RELEASE.jar
4063636  616 -r-xr-xr-x   1 yarn     hadoop     627814 May 11  2018 ./__spark_libs__/joda-time-2.9.3.jar
4063624  296 -r-xr-xr-x   1 yarn     hadoop     299508 May 11  2018 ./__spark_libs__/nimbus-jose-jwt-4.41.1.jar
4063822 1768 -r-xr-xr-x   1 yarn     hadoop    1809447 May 11  2018 ./__spark_libs__/datanucleus-rdbms-3.2.9.jar
4063652 1444 -r-xr-xr-x   1 yarn     hadoop    1475955 May 11  2018 ./__spark_libs__/htrace-core-3.1.0-incubating.jar
4063637   20 -r-xr-xr-x   1 yarn     hadoop      17008 May 11  2018 ./__spark_libs__/base64-2.3.8.jar
4063633   12 -r-xr-xr-x   1 yarn     hadoop       9939 May 11  2018 ./__spark_libs__/slf4j-log4j12-1.7.16.jar
4063780  188 -r-xr-xr-x   1 yarn     hadoop     188671 May 11  2018 ./__spark_libs__/commons-beanutils-1.7.0.jar
4063756   44 -r-xr-xr-x   1 yarn     hadoop      42032 May 11  2018 ./__spark_libs__/parquet-common-1.8.2.jar
4063574 1244 -r-xr-xr-x   1 yarn     hadoop    1270377 May 11  2018 ./__spark_libs__/arrow-vector-0.8.0.jar
4063734  148 -r-xr-xr-x   1 yarn     hadoop     148627 May 11  2018 ./__spark_libs__/stringtemplate-3.2.1.jar
4063767   48 -r-xr-xr-x   1 yarn     hadoop      48983 May 11  2018 ./__spark_libs__/spark-unsafe_2.11-2.3.0.2.6.5.0-292.jar
4063685 12712 -r-xr-xr-x   1 yarn     hadoop   13014241 May 11  2018 ./__spark_libs__/spark-core_2.11-2.3.0.2.6.5.0-292.jar
4063736   36 -r-xr-xr-x   1 yarn     hadoop      34654 May 11  2018 ./__spark_libs__/paranamer-2.8.jar
4063661   80 -r-xr-xr-x   1 yarn     hadoop      80185 May 11  2018 ./__spark_libs__/spark-launcher_2.11-2.3.0.2.6.5.0-292.jar
4063654  144 -r-xr-xr-x   1 yarn     hadoop     143602 May 11  2018 ./__spark_libs__/commons-digester-1.8.jar
4063719 2000 -r-xr-xr-x   1 yarn     hadoop    2046361 May 11  2018 ./__spark_libs__/jets3t-0.9.4.jar
4063680   40 -r-xr-xr-x   1 yarn     hadoop      40353 May 11  2018 ./__spark_libs__/hadoop-mapreduce-client-jobclient-2.7.3.2.6.5.0-292.jar
4063683  232 -r-xr-xr-x   1 yarn     hadoop     234201 May 11  2018 ./__spark_libs__/libthrift-0.9.3.jar
4063649  120 -r-xr-xr-x   1 yarn     hadoop     120465 May 11  2018 ./__spark_libs__/metrics-core-3.1.5.jar
4063667  720 -r-xr-xr-x   1 yarn     hadoop     736658 May 11  2018 ./__spark_libs__/httpclient-4.5.2.jar
4063817   24 -r-xr-xr-x   1 yarn     hadoop      21247 May 11  2018 ./__spark_libs__/metrics-graphite-3.1.5.jar
4063751   12 -r-xr-xr-x   1 yarn     hadoop      10166 May 11  2018 ./__spark_libs__/flatbuffers-1.2.0-3f79e055.jar
4063832   96 -r-xr-xr-x   1 yarn     hadoop      94796 May 11  2018 ./__spark_libs__/pyrolite-4.13.jar
4063678  748 -r-xr-xr-x   1 yarn     hadoop     764569 May 11  2018 ./__spark_libs__/jtransforms-2.4.0.jar
4063804  308 -r-xr-xr-x   1 yarn     hadoop     313702 May 11  2018 ./__spark_libs__/libfb303-0.9.3.jar
4063762  220 -r-xr-xr-x   1 yarn     hadoop     223048 May 11  2018 ./__spark_libs__/hadoop-aws-2.7.3.2.6.5.0-292.jar
4063778  184 -r-xr-xr-x   1 yarn     hadoop     187882 May 11  2018 ./__spark_libs__/breeze-macros_2.11-0.13.2.jar
4063740   44 -r-xr-xr-x   1 yarn     hadoop      41755 May 11  2018 ./__spark_libs__/objenesis-2.1.jar
4063764   52 -r-xr-xr-x   1 yarn     hadoop      53057 May 11  2018 ./__spark_libs__/spark-kvstore_2.11-2.3.0.2.6.5.0-292.jar
4063758   48 -r-xr-xr-x   1 yarn     hadoop      48468 May 11  2018 ./__spark_libs__/jackson-dataformat-cbor-2.6.7.jar
4063828  200 -r-xr-xr-x   1 yarn     hadoop     201124 May 11  2018 ./__spark_libs__/jdo-api-3.0.1.jar
4063765   20 -r-xr-xr-x   1 yarn     hadoop      20235 May 11  2018 ./__spark_libs__/osgi-resource-locator-1.0.1.jar
4063829  504 -r-xr-xr-x   1 yarn     hadoop     516062 May 11  2018 ./__spark_libs__/aws-java-sdk-core-1.10.6.jar
4063686   40 -r-xr-xr-x   1 yarn     hadoop      37350 May 11  2018 ./__spark_libs__/hadoop-yarn-server-web-proxy-2.7.3.2.6.5.0-292.jar
4063790   40 -r-xr-xr-x   1 yarn     hadoop      37887 May 11  2018 ./__spark_libs__/commons-compiler-3.0.8.jar
4063840  116 -r-xr-xr-x   1 yarn     hadoop     114995 May 11  2018 ./__spark_libs__/hadoop-openstack-2.7.3.2.6.5.0-292.jar
4063620 8792 -r-xr-xr-x   1 yarn     hadoop    9001489 May 11  2018 ./__spark_libs__/spark-catalyst_2.11-2.3.0.2.6.5.0-292.jar
4063628  180 -r-xr-xr-x   1 yarn     hadoop     180736 May 11  2018 ./__spark_libs__/avro-mapred-1.7.7-hadoop2.jar
4063632  220 -r-xr-xr-x   1 yarn     hadoop     224167 May 11  2018 ./__spark_libs__/chill_2.11-0.8.4.jar
4063697  176 -r-xr-xr-x   1 yarn     hadoop     178947 May 11  2018 ./__spark_libs__/hk2-api-2.4.0-b34.jar
4063805 14760 -r-xr-xr-x   1 yarn     hadoop   15113382 May 11  2018 ./__spark_libs__/breeze_2.11-0.13.2.jar
4063629    4 -r-xr-xr-x   1 yarn     hadoop       2569 May 11  2018 ./__spark_libs__/hadoop-client-2.7.3.2.6.5.0-292.jar
4063798  376 -r-xr-xr-x   1 yarn     hadoop     384150 May 11  2018 ./__spark_libs__/univocity-parsers-2.5.9.jar
4063812 3440 -r-xr-xr-x   1 yarn     hadoop    3519262 May 11  2018 ./__spark_libs__/calcite-core-1.2.0-incubating.jar
4063824  560 -r-xr-xr-x   1 yarn     hadoop     570101 May 11  2018 ./__spark_libs__/aws-java-sdk-s3-1.10.6.jar
4063668   68 -r-xr-xr-x   1 yarn     hadoop      66270 May 11  2018 ./__spark_libs__/jersey-container-servlet-core-2.22.2.jar
4063831  660 -r-xr-xr-x   1 yarn     hadoop     673839 May 11  2018 ./__spark_libs__/spark-yarn_2.11-2.3.0.2.6.5.0-292.jar
4063733  740 -r-xr-xr-x   1 yarn     hadoop     754243 May 11  2018 ./__spark_libs__/hadoop-mapreduce-client-common-2.7.3.2.6.5.0-292.jar
4063664   20 -r-xr-xr-x   1 yarn     hadoop      17316 May 11  2018 ./__spark_libs__/java-xmlbuilder-1.1.jar
4063671  204 -r-xr-xr-x   1 yarn     hadoop     206035 May 11  2018 ./__spark_libs__/commons-beanutils-core-1.8.0.jar
4063834   80 -r-xr-xr-x   1 yarn     hadoop      79912 May 11  2018 ./__spark_libs__/api-util-1.0.0-M20.jar
4063833   36 -r-xr-xr-x   1 yarn     hadoop      33015 May 11  2018 ./__spark_libs__/jsr305-1.3.9.jar
4063850 7560 -r-xr-xr-x   1 yarn     hadoop    7738929 May 11  2018 ./__spark_libs__/spark-mllib_2.11-2.3.0.2.6.5.0-292.jar
4063776  332 -r-xr-xr-x   1 yarn     hadoop     339666 May 11  2018 ./__spark_libs__/datanucleus-api-jdo-3.2.6.jar
4063659  192 -r-xr-xr-x   1 yarn     hadoop     192993 May 11  2018 ./__spark_libs__/avro-ipc-1.7.7.jar
4063725  180 -r-xr-xr-x   1 yarn     hadoop     183881 May 11  2018 ./__spark_libs__/spark-mllib-local_2.11-2.3.0.2.6.5.0-292.jar
4063696   20 -r-xr-xr-x   1 yarn     hadoop      18482 May 11  2018 ./__spark_libs__/eigenbase-properties-1.1.5.jar
4063753  160 -r-xr-xr-x   1 yarn     hadoop     160519 May 11  2018 ./__spark_libs__/commons-dbcp-1.4.jar
4063769   40 -r-xr-xr-x   1 yarn     hadoop      40341 May 11  2018 ./__spark_libs__/json4s-jackson_2.11-3.2.11.jar
4063699   48 -r-xr-xr-x   1 yarn     hadoop      48720 May 11  2018 ./__spark_libs__/snappy-0.2.jar
4063653    8 -r-xr-xr-x   1 yarn     hadoop       5950 May 11  2018 ./__spark_libs__/javax.inject-2.4.0-b34.jar
4063693   20 -r-xr-xr-x   1 yarn     hadoop      18098 May 11  2018 ./__spark_libs__/jersey-container-servlet-2.22.2.jar
4063785  696 -r-xr-xr-x   1 yarn     hadoop     710492 May 11  2018 ./__spark_libs__/guice-3.0.jar
4063705  140 -r-xr-xr-x   1 yarn     hadoop     139511 May 11  2018 ./__spark_libs__/hive-beeline-1.21.2.2.6.5.0-292.jar
4063811  164 -r-xr-xr-x   1 yarn     hadoop     164368 May 11  2018 ./__spark_libs__/antlr-runtime-3.4.jar
4063703   84 -r-xr-xr-x   1 yarn     hadoop      82421 May 11  2018 ./__spark_libs__/json4s-ast_2.11-3.2.11.jar
4063715   28 -r-xr-xr-x   1 yarn     hadoop      27084 May 11  2018 ./__spark_libs__/jackson-xc-1.9.13.jar
4063627 2280 -r-xr-xr-x   1 yarn     hadoop    2333186 May 11  2018 ./__spark_libs__/zstd-jni-1.3.2-2.jar
4063717   20 -r-xr-xr-x   1 yarn     hadoop      18336 May 11  2018 ./__spark_libs__/jackson-jaxrs-1.9.13.jar
4063689   80 -r-xr-xr-x   1 yarn     hadoop      79417 May 11  2018 ./__spark_libs__/hadoop-auth-2.7.3.2.6.5.0-292.jar
4063755   12 -r-xr-xr-x   1 yarn     hadoop      12131 May 11  2018 ./__spark_libs__/jpam-1.1.jar
4063732 1024 -r-xr-xr-x   1 yarn     hadoop    1045744 May 11  2018 ./__spark_libs__/leveldbjni-all-1.8.jar
4063800  936 -r-xr-xr-x   1 yarn     hadoop     956984 May 11  2018 ./__spark_libs__/parquet-column-1.8.2.jar
4063836 1776 -r-xr-xr-x   1 yarn     hadoop    1816639 May 11  2018 ./__spark_libs__/hadoop-yarn-common-2.7.3.2.6.5.0-292.jar
4063672  700 -r-xr-xr-x   1 yarn     hadoop     714194 May 11  2018 ./__spark_libs__/javassist-3.18.1-GA.jar
4063835  328 -r-xr-xr-x   1 yarn     hadoop     334662 May 11  2018 ./__spark_libs__/antlr4-runtime-4.7.jar
4063760   20 -r-xr-xr-x   1 yarn     hadoop      16430 May 11  2018 ./__spark_libs__/jcl-over-slf4j-1.7.16.jar
4063791   16 -r-xr-xr-x   1 yarn     hadoop      15071 May 11  2018 ./__spark_libs__/jta-1.1.jar
4063688    4 -r-xr-xr-x   1 yarn     hadoop       2497 May 11  2018 ./__spark_libs__/javax.inject-1.jar
4063749   72 -r-xr-xr-x   1 yarn     hadoop      72733 May 11  2018 ./__spark_libs__/jersey-media-jaxb-2.22.2.jar
4063731   12 -r-xr-xr-x   1 yarn     hadoop      11502 May 11  2018 ./__spark_libs__/spark-hadoop-cloud_2.11-2.3.0.2.6.5.0-292.jar
4063757  200 -r-xr-xr-x   1 yarn     hadoop     202036 May 11  2018 ./__spark_libs__/hadoop-yarn-client-2.7.3.2.6.5.0-292.jar
4063714  388 -r-xr-xr-x   1 yarn     hadoop     395195 May 11  2018 ./__spark_libs__/javolution-5.5.1.jar
4063774  472 -r-xr-xr-x   1 yarn     hadoop     479881 May 11  2018 ./__spark_libs__/commons-lang3-3.5.jar
4063792  320 -r-xr-xr-x   1 yarn     hadoop     326724 May 11  2018 ./__spark_libs__/httpcore-4.4.4.jar
4063619  436 -r-xr-xr-x   1 yarn     hadoop     442406 May 11  2018 ./__spark_libs__/calcite-linq4j-1.2.0-incubating.jar
4063826  384 -r-xr-xr-x   1 yarn     hadoop     390733 May 11  2018 ./__spark_libs__/parquet-format-2.3.1.jar
4063772 8576 -r-xr-xr-x   1 yarn     hadoop    8780170 May 11  2018 ./__spark_libs__/hadoop-hdfs-2.7.3.2.6.5.0-292.jar
4063694  104 -r-xr-xr-x   1 yarn     hadoop     105134 May 11  2018 ./__spark_libs__/jaxb-api-2.2.2.jar
4063670   24 -r-xr-xr-x   1 yarn     hadoop      23346 May 11  2018 ./__spark_libs__/stax-api-1.0-2.jar
4063701  292 -r-xr-xr-x   1 yarn     hadoop     298829 May 11  2018 ./__spark_libs__/commons-configuration-1.6.jar
4063842  256 -r-xr-xr-x   1 yarn     hadoop     258370 May 11  2018 ./__spark_libs__/calcite-avatica-1.2.0-incubating.jar
4063635 1140 -r-xr-xr-x   1 yarn     hadoop    1165323 May 11  2018 ./__spark_libs__/jackson-databind-2.6.7.1.jar
4063721  656 -r-xr-xr-x   1 yarn     hadoop     671138 May 11  2018 ./__spark_libs__/scala-xml_2.11-1.0.5.jar
4063768 1204 -r-xr-xr-x   1 yarn     hadoop    1229125 May 11  2018 ./__spark_libs__/xercesImpl-2.9.1.jar
4063675 3152 -r-xr-xr-x   1 yarn     hadoop    3224708 May 11  2018 ./__spark_libs__/derby-10.12.1.1.jar
4063773 2140 -r-xr-xr-x   1 yarn     hadoop    2189117 May 11  2018 ./__spark_libs__/guava-14.0.1.jar
4063793 1256 -r-xr-xr-x   1 yarn     hadoop    1282424 May 11  2018 ./__spark_libs__/ivy-2.4.0.jar
4063655  184 -r-xr-xr-x   1 yarn     hadoop     186273 May 11  2018 ./__spark_libs__/curator-framework-2.7.1.jar
4063783  176 -r-xr-xr-x   1 yarn     hadoop     177214 May 11  2018 ./__spark_libs__/jetty-util-6.1.26.hwx.jar
4063575   80 -r-xr-xr-x   1 yarn     hadoop      79150 May 11  2018 ./__spark_libs__/arrow-memory-0.8.0.jar
4063707  416 -r-xr-xr-x   1 yarn     hadoop     423583 May 11  2018 ./__spark_libs__/hadoop-yarn-server-common-2.7.3.2.6.5.0-292.jar
4063745 1300 -r-xr-xr-x   1 yarn     hadoop    1330219 May 11  2018 ./__spark_libs__/netty-3.9.9.Final.jar
4063750 5612 -r-xr-xr-x   1 yarn     hadoop    5744974 May 11  2018 ./__spark_libs__/scala-library-2.11.8.jar
4063682  696 -r-xr-xr-x   1 yarn     hadoop     709061 May 11  2018 ./__spark_libs__/spark-graphx_2.11-2.3.0.2.6.5.0-292.jar
4063674   36 -r-xr-xr-x   1 yarn     hadoop      34603 May 11  2018 ./__spark_libs__/machinist_2.11-0.6.1.jar
4063743   28 -r-xr-xr-x   1 yarn     hadoop      26514 May 11  2018 ./__spark_libs__/stax-api-1.0.1.jar
4063658  416 -r-xr-xr-x   1 yarn     hadoop     423753 May 11  2018 ./__spark_libs__/scala-parser-combinators_2.11-1.0.4.jar
4063679   64 -r-xr-xr-x   1 yarn     hadoop      64907 May 11  2018 ./__spark_libs__/spark-network-shuffle_2.11-2.3.0.2.6.5.0-292.jar
4063623   44 -r-xr-xr-x   1 yarn     hadoop      44925 May 11  2018 ./__spark_libs__/apacheds-i18n-2.0.0-M15.jar
4063796    8 -r-xr-xr-x   1 yarn     hadoop       4722 May 11  2018 ./__spark_libs__/jcip-annotations-1.0-1.jar
4063744  200 -r-xr-xr-x   1 yarn     hadoop     201928 May 11  2018 ./__spark_libs__/RoaringBitmap-0.5.11.jar
4063795   16 -r-xr-xr-x   1 yarn     hadoop      15010 May 11  2018 ./__spark_libs__/xmlenc-0.52.jar
4063708   16 -r-xr-xr-x   1 yarn     hadoop      14766 May 11  2018 ./__spark_libs__/aopalliance-repackaged-2.4.0-b34.jar
4063821  280 -r-xr-xr-x   1 yarn     hadoop     284184 May 11  2018 ./__spark_libs__/commons-codec-1.10.jar
4063809 3312 -r-xr-xr-x   1 yarn     hadoop    3390251 May 11  2018 ./__spark_libs__/gcs-connector-1.8.1.2.6.5.0-292-shaded.jar
4063746   16 -r-xr-xr-x   1 yarn     hadoop      15824 May 11  2018 ./__spark_libs__/metrics-json-3.1.5.jar
4063810  528 -r-xr-xr-x   1 yarn     hadoop     540298 May 11  2018 ./__spark_libs__/jetty-6.1.26.hwx.jar
4063676   16 -r-xr-xr-x   1 yarn     hadoop      15492 May 11  2018 ./__spark_libs__/spark-tags_2.11-2.3.0.2.6.5.0-292.jar
4063787    8 -r-xr-xr-x   1 yarn     hadoop       5711 May 11  2018 ./__spark_libs__/minlog-1.3.0.jar
4063639  428 -r-xr-xr-x   1 yarn     hadoop     436303 May 11  2018 ./__spark_libs__/avro-1.7.7.jar
4063735  268 -r-xr-xr-x   1 yarn     hadoop     270342 May 11  2018 ./__spark_libs__/curator-recipes-2.7.1.jar
4063665  100 -r-xr-xr-x   1 yarn     hadoop     100636 May 11  2018 ./__spark_libs__/jsp-api-2.1.jar
4063788  504 -r-xr-xr-x   1 yarn     hadoop     515645 May 11  2018 ./__spark_libs__/jackson-module-scala_2.11-2.6.7.1.jar
4063673   80 -r-xr-xr-x   1 yarn     hadoop      78849 May 11  2018 ./__spark_libs__/azure-data-lake-store-sdk-2.1.4.jar
4063843   96 -r-xr-xr-x   1 yarn     hadoop      94672 May 11  2018 ./__spark_libs__/xz-1.0.jar
4063722   12 -r-xr-xr-x   1 yarn     hadoop      10092 May 11  2018 ./__spark_libs__/azure-keyvault-core-0.8.0.jar
4063806  248 -r-xr-xr-x   1 yarn     hadoop     250377 May 11  2018 ./__spark_libs__/parquet-hadoop-1.8.2.jar
4063730 1032 -r-xr-xr-x   1 yarn     hadoop    1056168 May 11  2018 ./__spark_libs__/snappy-java-1.1.2.6.jar
4063698  208 -r-xr-xr-x   1 yarn     hadoop     212453 May 11  2018 ./__spark_libs__/commons-net-2.2.jar
4063666 1988 -r-xr-xr-x   1 yarn     hadoop    2035066 May 11  2018 ./__spark_libs__/commons-math3-3.4.1.jar
4063706   64 -r-xr-xr-x   1 yarn     hadoop      65012 May 11  2018 ./__spark_libs__/guice-servlet-3.0.jar
4063775 1024 -r-xr-xr-x   1 yarn     hadoop    1048116 May 11  2018 ./__spark_libs__/parquet-jackson-1.8.2.jar
4063727  100 -r-xr-xr-x   1 yarn     hadoop     101565 May 11  2018 ./__spark_libs__/hadoop-yarn-registry-2.7.3.2.6.5.0-292.jar
4063621 1168 -r-xr-xr-x   1 yarn     hadoop    1194003 May 11  2018 ./__spark_libs__/arpack_combined_all-0.1.jar
4063847   20 -r-xr-xr-x   1 yarn     hadoop      19827 May 11  2018 ./__spark_libs__/opencsv-2.3.jar
4063737  420 -r-xr-xr-x   1 yarn     hadoop     427780 May 11  2018 ./__spark_libs__/jodd-core-3.5.2.jar
4063766   48 -r-xr-xr-x   1 yarn     hadoop      46986 May 11  2018 ./__spark_libs__/jackson-annotations-2.6.7.jar
4063815  512 -r-xr-xr-x   1 yarn     hadoop     520944 May 11  2018 ./__spark_libs__/hadoop-mapreduce-client-app-2.7.3.2.6.5.0-292.jar
4063691   20 -r-xr-xr-x   1 yarn     hadoop      17399 May 11  2018 ./__spark_libs__/hadoop-annotations-2.7.3.2.6.5.0-292.jar
4063839 3588 -r-xr-xr-x   1 yarn     hadoop    3673761 May 11  2018 ./__spark_libs__/hadoop-common-2.7.3.2.6.5.0-292.jar
4063692  164 -r-xr-xr-x   1 yarn     hadoop     167421 May 11  2018 ./__spark_libs__/jersey-client-2.22.2.jar
4063844   96 -r-xr-xr-x   1 yarn     hadoop      96221 May 11  2018 ./__spark_libs__/commons-pool-1.5.4.jar
4063645   52 -r-xr-xr-x   1 yarn     hadoop      52076 May 11  2018 ./__spark_libs__/arrow-format-0.8.0.jar
4063638   56 -r-xr-xr-x   1 yarn     hadoop      54496 May 11  2018 ./__spark_libs__/hadoop-mapreduce-client-shuffle-2.7.3.2.6.5.0-292.jar
4063794   60 -r-xr-xr-x   1 yarn     hadoop      60483 May 11  2018 ./__spark_libs__/chill-java-0.8.4.jar
4063660 1284 -r-xr-xr-x   1 yarn     hadoop    1313542 May 11  2018 ./__spark_libs__/spark-hive_2.11-2.3.0.2.6.5.0-292.jar
4063642 1412 -r-xr-xr-x   1 yarn     hadoop    1442210 May 11  2018 ./__spark_libs__/orc-core-1.4.3.2.6.5.0-292-nohive.jar
4063651  256 -r-xr-xr-x   1 yarn     hadoop     258919 May 11  2018 ./__spark_libs__/jackson-core-2.6.7.jar
4063641   64 -r-xr-xr-x   1 yarn     hadoop      62050 May 11  2018 ./__spark_libs__/commons-logging-1.1.3.jar
4063814   80 -r-xr-xr-x   1 yarn     hadoop      77882 May 11  2018 ./__spark_libs__/json-smart-1.3.1.jar
4063704   44 -r-xr-xr-x   1 yarn     hadoop      41123 May 11  2018 ./__spark_libs__/commons-cli-1.2.jar
4063841  116 -r-xr-xr-x   1 yarn     hadoop     116859 May 11  2018 ./__spark_libs__/py4j-0.10.6.jar
4063690  764 -r-xr-xr-x   1 yarn     hadoop     780664 May 11  2018 ./__spark_libs__/jackson-mapper-asl-1.9.13.jar
4063709  740 -r-xr-xr-x   1 yarn     hadoop     757657 May 11  2018 ./__spark_libs__/orc-mapreduce-1.4.3.2.6.5.0-292-nohive.jar
4063848 1772 -r-xr-xr-x   1 yarn     hadoop    1812182 May 11  2018 ./__spark_libs__/spark-hive-thriftserver_2.11-2.3.0.2.6.5.0-292.jar
4063789  256 -r-xr-xr-x   1 yarn     hadoop     258578 May 11  2018 ./__spark_libs__/aws-java-sdk-kms-1.10.6.jar
4063723  212 -r-xr-xr-x   1 yarn     hadoop     213911 May 11  2018 ./__spark_libs__/jline-2.12.1.jar
4063644 1848 -r-xr-xr-x   1 yarn     hadoop    1890075 May 11  2018 ./__spark_libs__/datanucleus-core-3.2.10.jar
4063797    8 -r-xr-xr-x   1 yarn     hadoop       4596 May 11  2018 ./__spark_libs__/jul-to-slf4j-1.7.16.jar
4063625  364 -r-xr-xr-x   1 yarn     hadoop     370119 May 11  2018 ./__spark_libs__/lz4-java-1.4.0.jar
4063818  144 -r-xr-xr-x   1 yarn     hadoop     144660 May 11  2018 ./__spark_libs__/xbean-asm5-shaded-4.4.jar
4063656 2120 -r-xr-xr-x   1 yarn     hadoop    2170500 May 11  2018 ./__spark_libs__/spark-streaming_2.11-2.3.0.2.6.5.0-292.jar
4063739    8 -r-xr-xr-x   1 yarn     hadoop       4467 May 11  2018 ./__spark_libs__/aopalliance-1.0.jar
4063825   20 -r-xr-xr-x   1 yarn     hadoop      16993 May 11  2018 ./__spark_libs__/JavaEWAH-0.3.2.jar
4063802 3444 -r-xr-xr-x   1 yarn     hadoop    3522616 May 11  2018 ./__spark_libs__/shapeless_2.11-2.3.2.jar
4063700   40 -r-xr-xr-x   1 yarn     hadoop      40509 May 11  2018 ./__spark_libs__/slf4j-api-1.7.16.jar
4063687 2076 -r-xr-xr-x   1 yarn     hadoop    2124934 May 11  2018 ./__spark_libs__/hadoop-yarn-api-2.7.3.2.6.5.0-292.jar
4063622 8500 -r-xr-xr-x   1 yarn     hadoop    8701418 May 11  2018 ./__spark_libs__/spark-sql_2.11-2.3.0.2.6.5.0-292.jar
4063742  768 -r-xr-xr-x   1 yarn     hadoop     785810 May 11  2018 ./__spark_libs__/azure-storage-5.4.0.jar
4063646  440 -r-xr-xr-x   1 yarn     hadoop     448794 May 11  2018 ./__spark_libs__/apache-log4j-extras-1.2.17.jar
4063640  280 -r-xr-xr-x   1 yarn     hadoop     286071 May 11  2018 ./__spark_libs__/parquet-encoding-1.8.2.jar
4063837   20 -r-xr-xr-x   1 yarn     hadoop      19134 May 11  2018 ./__spark_libs__/jetty-sslengine-6.1.26.hwx.jar
4063716  100 -r-xr-xr-x   1 yarn     hadoop     102267 May 11  2018 ./__spark_libs__/hive-jdbc-1.21.2.2.6.5.0-292.jar
4063782 15128 -r-xr-xr-x   1 yarn     hadoop   15487351 May 11  2018 ./__spark_libs__/scala-compiler-2.11.8.jar
4063720   88 -r-xr-xr-x   1 yarn     hadoop      87192 May 11  2018 ./__spark_libs__/spire-macros_2.11-0.13.0.jar
4063807  128 -r-xr-xr-x   1 yarn     hadoop     130802 May 11  2018 ./__spark_libs__/aircompressor-0.8.jar
4063662   96 -r-xr-xr-x   1 yarn     hadoop      95806 May 11  2018 ./__spark_libs__/javax.servlet-api-3.1.0.jar
4063729  172 -r-xr-xr-x   1 yarn     hadoop     174351 May 11  2018 ./__spark_libs__/stream-2.7.0.jar
4063647  188 -r-xr-xr-x   1 yarn     hadoop     190432 May 11  2018 ./__spark_libs__/gson-2.2.4.jar
4063803  524 -r-xr-xr-x   1 yarn     hadoop     533455 May 11  2018 ./__spark_libs__/protobuf-java-2.5.0.jar
4063763  132 -r-xr-xr-x   1 yarn     hadoop     134595 May 11  2018 ./__spark_libs__/commons-crypto-1.0.0.jar
4063724   32 -r-xr-xr-x   1 yarn     hadoop      30108 May 11  2018 ./__spark_libs__/spark-sketch_2.11-2.3.0.2.6.5.0-292.jar
4063754   80 -r-xr-xr-x   1 yarn     hadoop      79845 May 11  2018 ./__spark_libs__/compress-lzf-1.0.3.jar
4063799  236 -r-xr-xr-x   1 yarn     hadoop     241367 May 11  2018 ./__spark_libs__/commons-compress-1.4.1.jar
4063849   24 -r-xr-xr-x   1 yarn     hadoop      23788 May 11  2018 ./__spark_libs__/hadoop-azure-datalake-2.7.3.2.6.5.0-292.jar
4063741  952 -r-xr-xr-x   1 yarn     hadoop     971310 May 11  2018 ./__spark_libs__/jersey-guava-2.22.2.jar
4063784   84 -r-xr-xr-x   1 yarn     hadoop      83273 May 11  2018 ./__spark_libs__/spark-cloud_2.11-2.3.0.2.6.5.0-292.jar
4063761  120 -r-xr-xr-x   1 yarn     hadoop     120722 May 11  2018 ./__spark_libs__/spark-repl_2.11-2.3.0.2.6.5.0-292.jar
4063681   68 -r-xr-xr-x   1 yarn     hadoop      69500 May 11  2018 ./__spark_libs__/curator-client-2.7.1.jar
4063820 11232 -r-xr-xr-x   1 yarn     hadoop   11498367 May 11  2018 ./__spark_libs__/hive-exec-1.21.2.2.6.5.0-292.jar
4063781  116 -r-xr-xr-x   1 yarn     hadoop     115534 May 11  2018 ./__spark_libs__/javax.ws.rs-api-2.0.1.jar
4063830   44 -r-xr-xr-x   1 yarn     hadoop      41342 May 11  2018 ./__spark_libs__/hive-cli-1.21.2.2.6.5.0-292.jar
4063777 3692 -r-xr-xr-x   1 yarn     hadoop    3780056 May 11  2018 ./__spark_libs__/netty-all-4.1.17.Final.jar
4063669  352 -r-xr-xr-x   1 yarn     hadoop     358390 May 11  2018 ./__spark_libs__/kryo-shaded-3.0.3.jar
4063711 5344 -r-xr-xr-x   1 yarn     hadoop    5471699 May 11  2018 ./__spark_libs__/hive-metastore-1.21.2.2.6.5.0-292.jar
4063702 1632 -r-xr-xr-x   1 yarn     hadoop    1671083 May 11  2018 ./__spark_libs__/hppc-0.7.2.jar
4063786   64 -r-xr-xr-x   1 yarn     hadoop      65261 May 11  2018 ./__spark_libs__/oro-2.0.8.jar
4063684  684 -r-xr-xr-x   1 yarn     hadoop     698375 May 11  2018 ./__spark_libs__/jersey-common-2.22.2.jar
2884559    8 -rwx------   1 yarn     hadoop       5763 Dec 20 04:19 ./launch_container.sh
2884512    4 -r-x------   1 yarn     hadoop       1271 Dec 20 04:19 ./ingest.py
2884502    4 -r-x------   1 yarn     hadoop        125 Dec 20 04:19 ./application.properties
2884561    4 -rwx------   1 yarn     hadoop        642 Dec 20 04:19 ./default_container_executor_session.sh
2884505  532 -r-x------   1 yarn     hadoop     541536 Dec 20 04:19 ./pyspark.zip
2884560    4 -rw-r--r--   1 yarn     hadoop         56 Dec 20 04:19 ./.launch_container.sh.crc
2884562    4 -rw-r--r--   1 yarn     hadoop         16 Dec 20 04:19 ./.default_container_executor_session.sh.crc
2884563    4 -rwx------   1 yarn     hadoop        696 Dec 20 04:19 ./default_container_executor.sh
2884557    4 -rw-r--r--   1 yarn     hadoop         76 Dec 20 04:19 ./container_tokens
2884508   80 -r-x------   1 yarn     hadoop      80352 Dec 20 04:19 ./py4j-0.10.6-src.zip
2884564    4 -rw-r--r--   1 yarn     hadoop         16 Dec 20 04:19 ./.default_container_executor.sh.crc
2884513    4 drwx------   3 yarn     hadoop       4096 Dec 20 04:19 ./__spark_conf__
2884516    4 drwx------   2 yarn     hadoop       4096 Dec 20 04:19 ./__spark_conf__/__hadoop_conf__
2884548    4 -r-x------   1 yarn     hadoop        951 Dec 20 04:19 ./__spark_conf__/__hadoop_conf__/mapred-env.cmd
2884545    4 -r-x------   1 yarn     hadoop         96 Dec 20 04:19 ./__spark_conf__/__hadoop_conf__/slaves
2884529    4 -r-x------   1 yarn     hadoop       3518 Dec 20 04:19 ./__spark_conf__/__hadoop_conf__/kms-acls.xml
2884531    4 -r-x------   1 yarn     hadoop        758 Dec 20 04:19 ./__spark_conf__/__hadoop_conf__/mapred-site.xml.template
2884526    4 -r-x------   1 yarn     hadoop       2250 Dec 20 04:19 ./__spark_conf__/__hadoop_conf__/yarn-env.cmd
2884535    4 -r-x------   1 yarn     hadoop       1020 Dec 20 04:19 ./__spark_conf__/__hadoop_conf__/commons-logging.properties
2884542    4 -r-x------   1 yarn     hadoop       2316 Dec 20 04:19 ./__spark_conf__/__hadoop_conf__/ssl-client.xml.example
2884533    8 -r-x------   1 yarn     hadoop       5321 Dec 20 04:19 ./__spark_conf__/__hadoop_conf__/yarn-env.sh
2884528    4 -r-x------   1 yarn     hadoop       2135 Dec 20 04:19 ./__spark_conf__/__hadoop_conf__/capacity-scheduler.xml
2884517    8 -r-x------   1 yarn     hadoop       6984 Dec 20 04:19 ./__spark_conf__/__hadoop_conf__/mapred-site.xml
2884520    4 -r-x------   1 yarn     hadoop       2263 Dec 20 04:19 ./__spark_conf__/__hadoop_conf__/hadoop-metrics2.properties
2884527    4 -r-x------   1 yarn     hadoop        884 Dec 20 04:19 ./__spark_conf__/__hadoop_conf__/ssl-client.xml
2884525    4 -r-x------   1 yarn     hadoop       1631 Dec 20 04:19 ./__spark_conf__/__hadoop_conf__/kms-log4j.properties
2884518   12 -r-x------   1 yarn     hadoop      10411 Dec 20 04:19 ./__spark_conf__/__hadoop_conf__/log4j.properties
2884540    4 -r-x------   1 yarn     hadoop       1602 Dec 20 04:19 ./__spark_conf__/__hadoop_conf__/health_check
2884544    4 -r-x------   1 yarn     hadoop       1308 Dec 20 04:19 ./__spark_conf__/__hadoop_conf__/hadoop-policy.xml
2884539    4 -r-x------   1 yarn     hadoop        818 Dec 20 04:19 ./__spark_conf__/__hadoop_conf__/mapred-env.sh
2884547    4 -r-x------   1 yarn     hadoop       1000 Dec 20 04:19 ./__spark_conf__/__hadoop_conf__/ssl-server.xml
2884538    4 -r-x------   1 yarn     hadoop       2490 Dec 20 04:19 ./__spark_conf__/__hadoop_conf__/hadoop-metrics.properties
2884524    4 -r-x------   1 yarn     hadoop        244 Dec 20 04:19 ./__spark_conf__/__hadoop_conf__/spark-thrift-fairscheduler.xml
2884552    8 -r-x------   1 yarn     hadoop       4113 Dec 20 04:19 ./__spark_conf__/__hadoop_conf__/mapred-queues.xml.template
2884536    4 -r-x------   1 yarn     hadoop       1019 Dec 20 04:19 ./__spark_conf__/__hadoop_conf__/container-executor.cfg
2884550    8 -r-x------   1 yarn     hadoop       5511 Dec 20 04:19 ./__spark_conf__/__hadoop_conf__/kms-site.xml
2884530    4 -r-x------   1 yarn     hadoop       2358 Dec 20 04:19 ./__spark_conf__/__hadoop_conf__/topology_script.py
2884546    4 -r-x------   1 yarn     hadoop        319 Dec 20 04:19 ./__spark_conf__/__hadoop_conf__/topology_mappings.data
2884519    8 -r-x------   1 yarn     hadoop       5667 Dec 20 04:19 ./__spark_conf__/__hadoop_conf__/hadoop-env.sh
2884523    8 -r-x------   1 yarn     hadoop       4151 Dec 20 04:19 ./__spark_conf__/__hadoop_conf__/core-site.xml
2884551    4 -r-x------   1 yarn     hadoop        945 Dec 20 04:19 ./__spark_conf__/__hadoop_conf__/taskcontroller.cfg
2884543    4 -r-x------   1 yarn     hadoop       1527 Dec 20 04:19 ./__spark_conf__/__hadoop_conf__/kms-env.sh
2884549    4 -r-x------   1 yarn     hadoop       2697 Dec 20 04:19 ./__spark_conf__/__hadoop_conf__/ssl-server.xml.example
2884534    8 -r-x------   1 yarn     hadoop       6531 Dec 20 04:19 ./__spark_conf__/__hadoop_conf__/hdfs-site.xml
2884537    8 -r-x------   1 yarn     hadoop       4221 Dec 20 04:19 ./__spark_conf__/__hadoop_conf__/task-log4j.properties
2884541    4 -r-x------   1 yarn     hadoop        170 Dec 20 04:19 ./__spark_conf__/__hadoop_conf__/hive-site.xml
2884532    4 -r-x------   1 yarn     hadoop       1335 Dec 20 04:19 ./__spark_conf__/__hadoop_conf__/configuration.xsl
2884521    4 -r-x------   1 yarn     hadoop       3979 Dec 20 04:19 ./__spark_conf__/__hadoop_conf__/hadoop-env.cmd
2884522   20 -r-x------   1 yarn     hadoop      18438 Dec 20 04:19 ./__spark_conf__/__hadoop_conf__/yarn-site.xml
2884553  120 -r-x------   1 yarn     hadoop     122486 Dec 20 04:19 ./__spark_conf__/__spark_hadoop_conf__.xml
2884514    4 -r-x------   1 yarn     hadoop       1241 Dec 20 04:19 ./__spark_conf__/log4j.properties
2884554    4 -r-x------   1 yarn     hadoop       2139 Dec 20 04:19 ./__spark_conf__/__spark_conf__.properties
2884515    8 -r-x------   1 yarn     hadoop       4956 Dec 20 04:19 ./__spark_conf__/metrics.properties
broken symlinks(find -L . -maxdepth 5 -type l -ls):

End of LogType:directory.info
*******************************************************************************

Container: container_1565300265360_42149_01_000001 on wn04.itversity.com_45454
LogAggregationType: AGGREGATED
==============================================================================
LogType:stderr
LogLastModifiedTime:Fri Dec 20 04:19:51 -0500 2019
LogLength:2560
LogContents:
SLF4J: Class path contains multiple SLF4J bindings.
SLF4J: Found binding in [jar:file:/hadoop/yarn/local/filecache/12/spark2-hdp-yarn-archive.tar.gz/slf4j-log4j12-1.7.16.jar!/org/slf4j/impl/StaticLoggerBinder.class]
SLF4J: Found binding in [jar:file:/usr/hdp/2.6.5.0-292/hadoop/lib/slf4j-log4j12-1.7.10.jar!/org/slf4j/impl/StaticLoggerBinder.class]
SLF4J: See http://www.slf4j.org/codes.html#multiple_bindings for an explanation.
SLF4J: Actual binding is of type [org.slf4j.impl.Log4jLoggerFactory]
19/12/20 04:19:51 ERROR ApplicationMaster: User application exited with status 1
19/12/20 04:19:51 ERROR ApplicationMaster: Uncaught exception: 
org.apache.spark.SparkException: Exception thrown in awaitResult: 
	at org.apache.spark.util.ThreadUtils$.awaitResult(ThreadUtils.scala:205)
	at org.apache.spark.deploy.yarn.ApplicationMaster.runDriver(ApplicationMaster.scala:498)
	at org.apache.spark.deploy.yarn.ApplicationMaster.org$apache$spark$deploy$yarn$ApplicationMaster$$runImpl(ApplicationMaster.scala:345)
	at org.apache.spark.deploy.yarn.ApplicationMaster$$anonfun$run$2.apply$mcV$sp(ApplicationMaster.scala:260)
	at org.apache.spark.deploy.yarn.ApplicationMaster$$anonfun$run$2.apply(ApplicationMaster.scala:260)
	at org.apache.spark.deploy.yarn.ApplicationMaster$$anonfun$run$2.apply(ApplicationMaster.scala:260)
	at org.apache.spark.deploy.yarn.ApplicationMaster$$anon$5.run(ApplicationMaster.scala:815)
	at java.security.AccessController.doPrivileged(Native Method)
	at javax.security.auth.Subject.doAs(Subject.java:422)
	at org.apache.hadoop.security.UserGroupInformation.doAs(UserGroupInformation.java:1869)
	at org.apache.spark.deploy.yarn.ApplicationMaster.doAsUser(ApplicationMaster.scala:814)
	at org.apache.spark.deploy.yarn.ApplicationMaster.run(ApplicationMaster.scala:259)
	at org.apache.spark.deploy.yarn.ApplicationMaster$.main(ApplicationMaster.scala:839)
	at org.apache.spark.deploy.yarn.ApplicationMaster.main(ApplicationMaster.scala)
Caused by: org.apache.spark.SparkUserAppException: User application exited with 1
	at org.apache.spark.deploy.PythonRunner$.main(PythonRunner.scala:102)
	at org.apache.spark.deploy.PythonRunner.main(PythonRunner.scala)
	at sun.reflect.NativeMethodAccessorImpl.invoke0(Native Method)
	at sun.reflect.NativeMethodAccessorImpl.invoke(NativeMethodAccessorImpl.java:62)
	at sun.reflect.DelegatingMethodAccessorImpl.invoke(DelegatingMethodAccessorImpl.java:43)
	at java.lang.reflect.Method.invoke(Method.java:498)
	at org.apache.spark.deploy.yarn.ApplicationMaster$$anon$4.run(ApplicationMaster.scala:721)

End of LogType:stderr
***********************************************************************


End of LogType:prelaunch.err
******************************************************************************

Container: container_1565300265360_42149_01_000001 on wn04.itversity.com_45454
LogAggregationType: AGGREGATED
==============================================================================
LogType:launch_container.sh
LogLastModifiedTime:Fri Dec 20 04:19:49 -0500 2019
LogLength:5763
LogContents:
#!/bin/bash

set -o pipefail -e
export PRELAUNCH_OUT="/hadoop/yarn/log/application_1565300265360_42149/container_1565300265360_42149_01_000001/prelaunch.out"
exec >"${PRELAUNCH_OUT}"
export PRELAUNCH_ERR="/hadoop/yarn/log/application_1565300265360_42149/container_1565300265360_42149_01_000001/prelaunch.err"
exec 2>"${PRELAUNCH_ERR}"
echo "Setting up env variables"
export SPARK_YARN_STAGING_DIR="hdfs://nn01.itversity.com:8020/user/jdsatpathy/.sparkStaging/application_1565300265360_42149"
export PATH="/usr/sbin:/sbin:/usr/lib/ambari-server/*:/usr/local/sbin:/usr/local/bin:/usr/sbin:/usr/bin:/var/lib/ambari-agent"
export HADOOP_CONF_DIR=${HADOOP_CONF_DIR:-"/usr/hdp/2.6.5.0-292/hadoop/conf"}
export MAX_APP_ATTEMPTS="2"
export JAVA_HOME=${JAVA_HOME:-"/usr/jdk64/jdk1.8.0_77"}
export LANG="en_US.UTF-8"
export APP_SUBMIT_TIME_ENV="1576833587942"
export NM_HOST="wn04.itversity.com"
export PYSPARK_PYTHON="python3.6"
export LOGNAME="jdsatpathy"
export JVM_PID="$$"
export PWD="/hadoop/yarn/local/usercache/jdsatpathy/appcache/application_1565300265360_42149/container_1565300265360_42149_01_000001"
export PYTHONHASHSEED="0"
export LOCAL_DIRS="/hadoop/yarn/local/usercache/jdsatpathy/appcache/application_1565300265360_42149"
export PYTHONPATH="$PWD/pyspark.zip:$PWD/py4j-0.10.6-src.zip"
export APPLICATION_WEB_PROXY_BASE="/proxy/application_1565300265360_42149"
export NM_HTTP_PORT="8042"
export LOG_DIRS="/hadoop/yarn/log/application_1565300265360_42149/container_1565300265360_42149_01_000001"
export NM_AUX_SERVICE_mapreduce_shuffle="AAA0+gAAAAAAAAAAAAAAAAAAAAAAAAAAAAAAAAAAAAA=
"
export NM_PORT="45454"
export USER="jdsatpathy"
export HADOOP_YARN_HOME=${HADOOP_YARN_HOME:-"/usr/hdp/2.6.5.0-292/hadoop-yarn"}
export CLASSPATH="$PWD:$PWD/__spark_conf__:$PWD/__spark_libs__/*:/usr/hdp/2.6.5.0-292/hadoop/conf:/usr/hdp/2.6.5.0-292/hadoop/*:/usr/hdp/2.6.5.0-292/hadoop/lib/*:/usr/hdp/current/hadoop-hdfs-client/*:/usr/hdp/current/hadoop-hdfs-client/lib/*:/usr/hdp/current/hadoop-yarn-client/*:/usr/hdp/current/hadoop-yarn-client/lib/*:/usr/hdp/current/ext/hadoop/*:$PWD/mr-framework/hadoop/share/hadoop/mapreduce/*:$PWD/mr-framework/hadoop/share/hadoop/mapreduce/lib/*:$PWD/mr-framework/hadoop/share/hadoop/common/*:$PWD/mr-framework/hadoop/share/hadoop/common/lib/*:$PWD/mr-framework/hadoop/share/hadoop/yarn/*:$PWD/mr-framework/hadoop/share/hadoop/yarn/lib/*:$PWD/mr-framework/hadoop/share/hadoop/hdfs/*:$PWD/mr-framework/hadoop/share/hadoop/hdfs/lib/*:$PWD/mr-framework/hadoop/share/hadoop/tools/lib/*:/usr/hdp/2.6.5.0-292/hadoop/lib/hadoop-lzo-0.6.0.2.6.5.0-292.jar:/etc/hadoop/conf/secure:/usr/hdp/current/ext/hadoop/*:$PWD/__spark_conf__/__hadoop_conf__"
export HADOOP_TOKEN_FILE_LOCATION="/hadoop/yarn/local/usercache/jdsatpathy/appcache/application_1565300265360_42149/container_1565300265360_42149_01_000001/container_tokens"
export NM_AUX_SERVICE_spark_shuffle=""
export SPARK_USER="jdsatpathy"
export LOCAL_USER_DIRS="/hadoop/yarn/local/usercache/jdsatpathy/"
export HADOOP_HOME="/usr/hdp/2.6.5.0-292/hadoop"
export HOME="/home/"
export NM_AUX_SERVICE_spark2_shuffle=""
export CONTAINER_ID="container_1565300265360_42149_01_000001"
export MALLOC_ARENA_MAX="4"
echo "Setting up job resources"
ln -sf "/hadoop/yarn/local/usercache/jdsatpathy/filecache/345/ingest.py" "ingest.py"
ln -sf "/hadoop/yarn/local/usercache/jdsatpathy/filecache/342/pyspark.zip" "pyspark.zip"
ln -sf "/hadoop/yarn/local/usercache/jdsatpathy/filecache/341/application.properties" "application.properties"
ln -sf "/hadoop/yarn/local/usercache/jdsatpathy/filecache/343/py4j-0.10.6-src.zip" "py4j-0.10.6-src.zip"
ln -sf "/hadoop/yarn/local/filecache/12/spark2-hdp-yarn-archive.tar.gz" "__spark_libs__"
ln -sf "/hadoop/yarn/local/usercache/jdsatpathy/filecache/344/__spark_conf__.zip" "__spark_conf__"
echo "Copying debugging information"
# Creating copy of launch script
cp "launch_container.sh" "/hadoop/yarn/log/application_1565300265360_42149/container_1565300265360_42149_01_000001/launch_container.sh"
chmod 640 "/hadoop/yarn/log/application_1565300265360_42149/container_1565300265360_42149_01_000001/launch_container.sh"
# Determining directory contents
echo "ls -l:" 1>"/hadoop/yarn/log/application_1565300265360_42149/container_1565300265360_42149_01_000001/directory.info"
ls -l 1>>"/hadoop/yarn/log/application_1565300265360_42149/container_1565300265360_42149_01_000001/directory.info"
echo "find -L . -maxdepth 5 -ls:" 1>>"/hadoop/yarn/log/application_1565300265360_42149/container_1565300265360_42149_01_000001/directory.info"
find -L . -maxdepth 5 -ls 1>>"/hadoop/yarn/log/application_1565300265360_42149/container_1565300265360_42149_01_000001/directory.info"
echo "broken symlinks(find -L . -maxdepth 5 -type l -ls):" 1>>"/hadoop/yarn/log/application_1565300265360_42149/container_1565300265360_42149_01_000001/directory.info"
find -L . -maxdepth 5 -type l -ls 1>>"/hadoop/yarn/log/application_1565300265360_42149/container_1565300265360_42149_01_000001/directory.info"
echo "Launching container"
exec /bin/bash -c "LD_LIBRARY_PATH="/usr/hdp/current/hadoop-client/lib/native:/usr/hdp/current/hadoop-client/lib/native/Linux-amd64-64:$LD_LIBRARY_PATH" $JAVA_HOME/bin/java -server -Xmx1024m -Djava.io.tmpdir=$PWD/tmp -Dhdp.version=2.6.5.0-292 -Dspark.yarn.app.container.log.dir=/hadoop/yarn/log/application_1565300265360_42149/container_1565300265360_42149_01_000001 org.apache.spark.deploy.yarn.ApplicationMaster --class 'org.apache.spark.deploy.PythonRunner' --primary-py-file ingest.py --arg 'prod' --properties-file $PWD/__spark_conf__/__spark_conf__.properties 1> /hadoop/yarn/log/application_1565300265360_42149/container_1565300265360_42149_01_000001/stdout 2> /hadoop/yarn/log/application_1565300265360_42149/container_1565300265360_42149_01_000001/stderr"

End of LogType:launch_container.sh
************************************************************************************

Container: container_1565300265360_42149_01_000001 on wn04.itversity.com_45454
LogAggregationType: AGGREGATED
==============================================================================
LogType:prelaunch.out
LogLastModifiedTime:Fri Dec 20 04:19:49 -0500 2019
LogLength:100
LogContents:
Setting up env variables
Setting up job resources
Copying debugging information
Launching container

End of LogType:prelaunch.out
******************************************************************************

Container: container_1565300265360_42149_01_000001 on wn04.itversity.com_45454
LogAggregationType: AGGREGATED
==============================================================================
LogType:stdout
LogLastModifiedTime:Fri Dec 20 04:19:51 -0500 2019
LogLength:675
LogContents:
Traceback (most recent call last):
  File "/usr/lib64/python3.6/configparser.py", line 1138, in _unify_values
    sectiondict = self._sections[section]
KeyError: 'prod'

During handling of the above exception, another exception occurred:

Traceback (most recent call last):
  File "ingest.py", line 45, in <module>
    main()
  File "ingest.py", line 11, in main
    input_path = env_prop.get(env, "input.path")
  File "/usr/lib64/python3.6/configparser.py", line 781, in get
    d = self._unify_values(section, vars)
  File "/usr/lib64/python3.6/configparser.py", line 1141, in _unify_values
    raise NoSectionError(section)
configparser.NoSectionError: No section: 'prod'

End of LogType:stdout
***********************************************************************

Container: container_1565300265360_42149_02_000001 on wn05.itversity.com_45454
LogAggregationType: AGGREGATED
==============================================================================
LogType:prelaunch.out
LogLastModifiedTime:Fri Dec 20 04:19:53 -0500 2019
LogLength:100
LogContents:
Setting up env variables
Setting up job resources
Copying debugging information
Launching container

End of LogType:prelaunch.out
******************************************************************************

Container: container_1565300265360_42149_02_000001 on wn05.itversity.com_45454
LogAggregationType: AGGREGATED
==============================================================================
LogType:directory.info
LogLastModifiedTime:Fri Dec 20 04:19:53 -0500 2019
LogLength:33829
LogContents:
ls -l:
total 48
lrwxrwxrwx 1 yarn hadoop   76 Dec 20 04:19 application.properties -> /hadoop/yarn/local/usercache/jdsatpathy/filecache/346/application.properties
-rw-r--r-- 1 yarn hadoop   76 Dec 20 04:19 container_tokens
-rwx------ 1 yarn hadoop  642 Dec 20 04:19 default_container_executor_session.sh
-rwx------ 1 yarn hadoop  696 Dec 20 04:19 default_container_executor.sh
lrwxrwxrwx 1 yarn hadoop   63 Dec 20 04:19 ingest.py -> /hadoop/yarn/local/usercache/jdsatpathy/filecache/350/ingest.py
-rwx------ 1 yarn hadoop 5763 Dec 20 04:19 launch_container.sh
lrwxrwxrwx 1 yarn hadoop   73 Dec 20 04:19 py4j-0.10.6-src.zip -> /hadoop/yarn/local/usercache/jdsatpathy/filecache/348/py4j-0.10.6-src.zip
lrwxrwxrwx 1 yarn hadoop   65 Dec 20 04:19 pyspark.zip -> /hadoop/yarn/local/usercache/jdsatpathy/filecache/347/pyspark.zip
lrwxrwxrwx 1 yarn hadoop   72 Dec 20 04:19 __spark_conf__ -> /hadoop/yarn/local/usercache/jdsatpathy/filecache/349/__spark_conf__.zip
lrwxrwxrwx 1 yarn hadoop   62 Dec 20 04:19 __spark_libs__ -> /hadoop/yarn/local/filecache/11/spark2-hdp-yarn-archive.tar.gz
drwx--x--- 2 yarn hadoop 4096 Dec 20 04:19 tmp
find -L . -maxdepth 5 -ls:
7209649    4 drwx--x---   3 yarn     hadoop       4096 Dec 20 04:19 .
7209654    8 -rwx------   1 yarn     hadoop       5763 Dec 20 04:19 ./launch_container.sh
7209658    4 -rwx------   1 yarn     hadoop        696 Dec 20 04:19 ./default_container_executor.sh
7209651    4 drwx--x---   2 yarn     hadoop       4096 Dec 20 04:19 ./tmp
7209600    4 -r-x------   1 yarn     hadoop       1271 Dec 20 04:19 ./ingest.py
7209565  532 -r-x------   1 yarn     hadoop     541536 Dec 20 04:19 ./pyspark.zip
7209657    4 -rw-r--r--   1 yarn     hadoop         16 Dec 20 04:19 ./.default_container_executor_session.sh.crc
7209652    4 -rw-r--r--   1 yarn     hadoop         76 Dec 20 04:19 ./container_tokens
7209601    4 drwx------   3 yarn     hadoop       4096 Dec 20 04:19 ./__spark_conf__
7209642    4 -r-x------   1 yarn     hadoop       2139 Dec 20 04:19 ./__spark_conf__/__spark_conf__.properties
7209641  120 -r-x------   1 yarn     hadoop     122486 Dec 20 04:19 ./__spark_conf__/__spark_hadoop_conf__.xml
7209603    8 -r-x------   1 yarn     hadoop       4956 Dec 20 04:19 ./__spark_conf__/metrics.properties
7209602    4 -r-x------   1 yarn     hadoop       1241 Dec 20 04:19 ./__spark_conf__/log4j.properties
7209604    4 drwx------   2 yarn     hadoop       4096 Dec 20 04:19 ./__spark_conf__/__hadoop_conf__
7209615    4 -r-x------   1 yarn     hadoop        884 Dec 20 04:19 ./__spark_conf__/__hadoop_conf__/ssl-client.xml
7209636    4 -r-x------   1 yarn     hadoop        951 Dec 20 04:19 ./__spark_conf__/__hadoop_conf__/mapred-env.cmd
7209621    8 -r-x------   1 yarn     hadoop       5321 Dec 20 04:19 ./__spark_conf__/__hadoop_conf__/yarn-env.sh
7209624    4 -r-x------   1 yarn     hadoop       1019 Dec 20 04:19 ./__spark_conf__/__hadoop_conf__/container-executor.cfg
7209629    4 -r-x------   1 yarn     hadoop        170 Dec 20 04:19 ./__spark_conf__/__hadoop_conf__/hive-site.xml
7209614    4 -r-x------   1 yarn     hadoop       2250 Dec 20 04:19 ./__spark_conf__/__hadoop_conf__/yarn-env.cmd
7209639    4 -r-x------   1 yarn     hadoop        945 Dec 20 04:19 ./__spark_conf__/__hadoop_conf__/taskcontroller.cfg
7209625    8 -r-x------   1 yarn     hadoop       4221 Dec 20 04:19 ./__spark_conf__/__hadoop_conf__/task-log4j.properties
7209618    4 -r-x------   1 yarn     hadoop       2358 Dec 20 04:19 ./__spark_conf__/__hadoop_conf__/topology_script.py
7209608    4 -r-x------   1 yarn     hadoop       2263 Dec 20 04:19 ./__spark_conf__/__hadoop_conf__/hadoop-metrics2.properties
7209607    8 -r-x------   1 yarn     hadoop       5667 Dec 20 04:19 ./__spark_conf__/__hadoop_conf__/hadoop-env.sh
7209609    4 -r-x------   1 yarn     hadoop       3979 Dec 20 04:19 ./__spark_conf__/__hadoop_conf__/hadoop-env.cmd
7209616    4 -r-x------   1 yarn     hadoop       2135 Dec 20 04:19 ./__spark_conf__/__hadoop_conf__/capacity-scheduler.xml
7209612    4 -r-x------   1 yarn     hadoop        244 Dec 20 04:19 ./__spark_conf__/__hadoop_conf__/spark-thrift-fairscheduler.xml
7209628    4 -r-x------   1 yarn     hadoop       1602 Dec 20 04:19 ./__spark_conf__/__hadoop_conf__/health_check
7209622    8 -r-x------   1 yarn     hadoop       6531 Dec 20 04:19 ./__spark_conf__/__hadoop_conf__/hdfs-site.xml
7209640    8 -r-x------   1 yarn     hadoop       4113 Dec 20 04:19 ./__spark_conf__/__hadoop_conf__/mapred-queues.xml.template
7209634    4 -r-x------   1 yarn     hadoop        319 Dec 20 04:19 ./__spark_conf__/__hadoop_conf__/topology_mappings.data
7209633    4 -r-x------   1 yarn     hadoop         96 Dec 20 04:19 ./__spark_conf__/__hadoop_conf__/slaves
7209626    4 -r-x------   1 yarn     hadoop       2490 Dec 20 04:19 ./__spark_conf__/__hadoop_conf__/hadoop-metrics.properties
7209605    8 -r-x------   1 yarn     hadoop       6984 Dec 20 04:19 ./__spark_conf__/__hadoop_conf__/mapred-site.xml
7209637    4 -r-x------   1 yarn     hadoop       2697 Dec 20 04:19 ./__spark_conf__/__hadoop_conf__/ssl-server.xml.example
7209613    4 -r-x------   1 yarn     hadoop       1631 Dec 20 04:19 ./__spark_conf__/__hadoop_conf__/kms-log4j.properties
7209632    4 -r-x------   1 yarn     hadoop       1308 Dec 20 04:19 ./__spark_conf__/__hadoop_conf__/hadoop-policy.xml
7209635    4 -r-x------   1 yarn     hadoop       1000 Dec 20 04:19 ./__spark_conf__/__hadoop_conf__/ssl-server.xml
7209627    4 -r-x------   1 yarn     hadoop        818 Dec 20 04:19 ./__spark_conf__/__hadoop_conf__/mapred-env.sh
7209611    8 -r-x------   1 yarn     hadoop       4151 Dec 20 04:19 ./__spark_conf__/__hadoop_conf__/core-site.xml
7209610   20 -r-x------   1 yarn     hadoop      18438 Dec 20 04:19 ./__spark_conf__/__hadoop_conf__/yarn-site.xml
7209638    8 -r-x------   1 yarn     hadoop       5511 Dec 20 04:19 ./__spark_conf__/__hadoop_conf__/kms-site.xml
7209620    4 -r-x------   1 yarn     hadoop       1335 Dec 20 04:19 ./__spark_conf__/__hadoop_conf__/configuration.xsl
7209617    4 -r-x------   1 yarn     hadoop       3518 Dec 20 04:19 ./__spark_conf__/__hadoop_conf__/kms-acls.xml
7209630    4 -r-x------   1 yarn     hadoop       2316 Dec 20 04:19 ./__spark_conf__/__hadoop_conf__/ssl-client.xml.example
7209619    4 -r-x------   1 yarn     hadoop        758 Dec 20 04:19 ./__spark_conf__/__hadoop_conf__/mapred-site.xml.template
7209631    4 -r-x------   1 yarn     hadoop       1527 Dec 20 04:19 ./__spark_conf__/__hadoop_conf__/kms-env.sh
7209606   12 -r-x------   1 yarn     hadoop      10411 Dec 20 04:19 ./__spark_conf__/__hadoop_conf__/log4j.properties
7209623    4 -r-x------   1 yarn     hadoop       1020 Dec 20 04:19 ./__spark_conf__/__hadoop_conf__/commons-logging.properties
7209556    4 -r-x------   1 yarn     hadoop        125 Dec 20 04:19 ./application.properties
7209659    4 -rw-r--r--   1 yarn     hadoop         16 Dec 20 04:19 ./.default_container_executor.sh.crc
7079888   16 drwxr-xr-x   2 yarn     hadoop      16384 Sep  6 03:44 ./__spark_libs__
7080007   20 -r-xr-xr-x   1 yarn     hadoop      17316 May 11  2018 ./__spark_libs__/java-xmlbuilder-1.1.jar
7080088 1300 -r-xr-xr-x   1 yarn     hadoop    1330219 May 11  2018 ./__spark_libs__/netty-3.9.9.Final.jar
7079960 1244 -r-xr-xr-x   1 yarn     hadoop    1270377 May 11  2018 ./__spark_libs__/arrow-vector-0.8.0.jar
7080148 14760 -r-xr-xr-x   1 yarn     hadoop   15113382 May 11  2018 ./__spark_libs__/breeze_2.11-0.13.2.jar
7080011   68 -r-xr-xr-x   1 yarn     hadoop      66270 May 11  2018 ./__spark_libs__/jersey-container-servlet-core-2.22.2.jar
7079964 1168 -r-xr-xr-x   1 yarn     hadoop    1194003 May 11  2018 ./__spark_libs__/arpack_combined_all-0.1.jar
7080018 3152 -r-xr-xr-x   1 yarn     hadoop    3224708 May 11  2018 ./__spark_libs__/derby-10.12.1.1.jar
7080042   48 -r-xr-xr-x   1 yarn     hadoop      48720 May 11  2018 ./__spark_libs__/snappy-0.2.jar
7080032   80 -r-xr-xr-x   1 yarn     hadoop      79417 May 11  2018 ./__spark_libs__/hadoop-auth-2.7.3.2.6.5.0-292.jar
7080127   84 -r-xr-xr-x   1 yarn     hadoop      83273 May 11  2018 ./__spark_libs__/spark-cloud_2.11-2.3.0.2.6.5.0-292.jar
7080183  116 -r-xr-xr-x   1 yarn     hadoop     114995 May 11  2018 ./__spark_libs__/hadoop-openstack-2.7.3.2.6.5.0-292.jar
7080115 8576 -r-xr-xr-x   1 yarn     hadoop    8780170 May 11  2018 ./__spark_libs__/hadoop-hdfs-2.7.3.2.6.5.0-292.jar
7080010  720 -r-xr-xr-x   1 yarn     hadoop     736658 May 11  2018 ./__spark_libs__/httpclient-4.5.2.jar
7079973  480 -r-xr-xr-x   1 yarn     hadoop     489884 May 11  2018 ./__spark_libs__/log4j-1.2.17.jar
7080017   36 -r-xr-xr-x   1 yarn     hadoop      34603 May 11  2018 ./__spark_libs__/machinist_2.11-0.6.1.jar
7079971  180 -r-xr-xr-x   1 yarn     hadoop     180736 May 11  2018 ./__spark_libs__/avro-mapred-1.7.7-hadoop2.jar
7079987 1848 -r-xr-xr-x   1 yarn     hadoop    1890075 May 11  2018 ./__spark_libs__/datanucleus-core-3.2.10.jar
7080065   12 -r-xr-xr-x   1 yarn     hadoop      10092 May 11  2018 ./__spark_libs__/azure-keyvault-core-0.8.0.jar
7080058   28 -r-xr-xr-x   1 yarn     hadoop      27084 May 11  2018 ./__spark_libs__/jackson-xc-1.9.13.jar
7079999 2120 -r-xr-xr-x   1 yarn     hadoop    2170500 May 11  2018 ./__spark_libs__/spark-streaming_2.11-2.3.0.2.6.5.0-292.jar
7080069  120 -r-xr-xr-x   1 yarn     hadoop     118973 May 11  2018 ./__spark_libs__/hk2-utils-2.4.0-b34.jar
7080175   96 -r-xr-xr-x   1 yarn     hadoop      94796 May 11  2018 ./__spark_libs__/pyrolite-4.13.jar
7080192   24 -r-xr-xr-x   1 yarn     hadoop      23788 May 11  2018 ./__spark_libs__/hadoop-azure-datalake-2.7.3.2.6.5.0-292.jar
7080086   28 -r-xr-xr-x   1 yarn     hadoop      26514 May 11  2018 ./__spark_libs__/stax-api-1.0.1.jar
7080163 11232 -r-xr-xr-x   1 yarn     hadoop   11498367 May 11  2018 ./__spark_libs__/hive-exec-1.21.2.2.6.5.0-292.jar
7080024   68 -r-xr-xr-x   1 yarn     hadoop      69500 May 11  2018 ./__spark_libs__/curator-client-2.7.1.jar
7080050  416 -r-xr-xr-x   1 yarn     hadoop     423583 May 11  2018 ./__spark_libs__/hadoop-yarn-server-common-2.7.3.2.6.5.0-292.jar
7080116 2140 -r-xr-xr-x   1 yarn     hadoop    2189117 May 11  2018 ./__spark_libs__/guava-14.0.1.jar
7080174  660 -r-xr-xr-x   1 yarn     hadoop     673839 May 11  2018 ./__spark_libs__/spark-yarn_2.11-2.3.0.2.6.5.0-292.jar
7080039   20 -r-xr-xr-x   1 yarn     hadoop      18482 May 11  2018 ./__spark_libs__/eigenbase-properties-1.1.5.jar
7080160   24 -r-xr-xr-x   1 yarn     hadoop      21247 May 11  2018 ./__spark_libs__/metrics-graphite-3.1.5.jar
7080168   20 -r-xr-xr-x   1 yarn     hadoop      16993 May 11  2018 ./__spark_libs__/JavaEWAH-0.3.2.jar
7080083   44 -r-xr-xr-x   1 yarn     hadoop      41755 May 11  2018 ./__spark_libs__/objenesis-2.1.jar
7079997  144 -r-xr-xr-x   1 yarn     hadoop     143602 May 11  2018 ./__spark_libs__/commons-digester-1.8.jar
7080057  388 -r-xr-xr-x   1 yarn     hadoop     395195 May 11  2018 ./__spark_libs__/javolution-5.5.1.jar
7080178  328 -r-xr-xr-x   1 yarn     hadoop     334662 May 11  2018 ./__spark_libs__/antlr4-runtime-4.7.jar
7080155 3440 -r-xr-xr-x   1 yarn     hadoop    3519262 May 11  2018 ./__spark_libs__/calcite-core-1.2.0-incubating.jar
7080105  220 -r-xr-xr-x   1 yarn     hadoop     223048 May 11  2018 ./__spark_libs__/hadoop-aws-2.7.3.2.6.5.0-292.jar
7080126  176 -r-xr-xr-x   1 yarn     hadoop     177214 May 11  2018 ./__spark_libs__/jetty-util-6.1.26.hwx.jar
7080001  416 -r-xr-xr-x   1 yarn     hadoop     423753 May 11  2018 ./__spark_libs__/scala-parser-combinators_2.11-1.0.4.jar
7080173   44 -r-xr-xr-x   1 yarn     hadoop      41342 May 11  2018 ./__spark_libs__/hive-cli-1.21.2.2.6.5.0-292.jar
7080038  164 -r-xr-xr-x   1 yarn     hadoop     164422 May 11  2018 ./__spark_libs__/core-1.1.2.jar
7080128  696 -r-xr-xr-x   1 yarn     hadoop     710492 May 11  2018 ./__spark_libs__/guice-3.0.jar
7079976   12 -r-xr-xr-x   1 yarn     hadoop       9939 May 11  2018 ./__spark_libs__/slf4j-log4j12-1.7.16.jar
7080131  504 -r-xr-xr-x   1 yarn     hadoop     515645 May 11  2018 ./__spark_libs__/jackson-module-scala_2.11-2.6.7.1.jar
7080023   40 -r-xr-xr-x   1 yarn     hadoop      40353 May 11  2018 ./__spark_libs__/hadoop-mapreduce-client-jobclient-2.7.3.2.6.5.0-292.jar
7080144  256 -r-xr-xr-x   1 yarn     hadoop     261230 May 11  2018 ./__spark_libs__/hadoop-azure-2.7.3.2.6.5.0-292.jar
7080149  248 -r-xr-xr-x   1 yarn     hadoop     250377 May 11  2018 ./__spark_libs__/parquet-hadoop-1.8.2.jar
7080029   40 -r-xr-xr-x   1 yarn     hadoop      37350 May 11  2018 ./__spark_libs__/hadoop-yarn-server-web-proxy-2.7.3.2.6.5.0-292.jar
7080170   44 -r-xr-xr-x   1 yarn     hadoop      42858 May 11  2018 ./__spark_libs__/jackson-module-paranamer-2.7.9.jar
7080096  160 -r-xr-xr-x   1 yarn     hadoop     160519 May 11  2018 ./__spark_libs__/commons-dbcp-1.4.jar
7079970 2280 -r-xr-xr-x   1 yarn     hadoop    2333186 May 11  2018 ./__spark_libs__/zstd-jni-1.3.2-2.jar
7080151  576 -r-xr-xr-x   1 yarn     hadoop     589462 May 11  2018 ./__spark_libs__/json4s-core_2.11-3.2.11.jar
7080141  376 -r-xr-xr-x   1 yarn     hadoop     384150 May 11  2018 ./__spark_libs__/univocity-parsers-2.5.9.jar
7080138   16 -r-xr-xr-x   1 yarn     hadoop      15010 May 11  2018 ./__spark_libs__/xmlenc-0.52.jar
7080132  256 -r-xr-xr-x   1 yarn     hadoop     258578 May 11  2018 ./__spark_libs__/aws-java-sdk-kms-1.10.6.jar
7080109   48 -r-xr-xr-x   1 yarn     hadoop      46986 May 11  2018 ./__spark_libs__/jackson-annotations-2.6.7.jar
7080177   80 -r-xr-xr-x   1 yarn     hadoop      79912 May 11  2018 ./__spark_libs__/api-util-1.0.0-M20.jar
7080060   20 -r-xr-xr-x   1 yarn     hadoop      18336 May 11  2018 ./__spark_libs__/jackson-jaxrs-1.9.13.jar
7080118 1024 -r-xr-xr-x   1 yarn     hadoop    1048116 May 11  2018 ./__spark_libs__/parquet-jackson-1.8.2.jar
7080158  512 -r-xr-xr-x   1 yarn     hadoop     520944 May 11  2018 ./__spark_libs__/hadoop-mapreduce-client-app-2.7.3.2.6.5.0-292.jar
7080097   80 -r-xr-xr-x   1 yarn     hadoop      79845 May 11  2018 ./__spark_libs__/compress-lzf-1.0.3.jar
7080009 1988 -r-xr-xr-x   1 yarn     hadoop    2035066 May 11  2018 ./__spark_libs__/commons-math3-3.4.1.jar
7080033  764 -r-xr-xr-x   1 yarn     hadoop     780664 May 11  2018 ./__spark_libs__/jackson-mapper-asl-1.9.13.jar
7080122  932 -r-xr-xr-x   1 yarn     hadoop     951701 May 11  2018 ./__spark_libs__/jersey-server-2.22.2.jar
7080169  384 -r-xr-xr-x   1 yarn     hadoop     390733 May 11  2018 ./__spark_libs__/parquet-format-2.3.1.jar
7080051   16 -r-xr-xr-x   1 yarn     hadoop      14766 May 11  2018 ./__spark_libs__/aopalliance-repackaged-2.4.0-b34.jar
7080025  696 -r-xr-xr-x   1 yarn     hadoop     709061 May 11  2018 ./__spark_libs__/spark-graphx_2.11-2.3.0.2.6.5.0-292.jar
7080068  180 -r-xr-xr-x   1 yarn     hadoop     183881 May 11  2018 ./__spark_libs__/spark-mllib-local_2.11-2.3.0.2.6.5.0-292.jar
7080082    8 -r-xr-xr-x   1 yarn     hadoop       4467 May 11  2018 ./__spark_libs__/aopalliance-1.0.jar
7079995 1444 -r-xr-xr-x   1 yarn     hadoop    1475955 May 11  2018 ./__spark_libs__/htrace-core-3.1.0-incubating.jar
7080102   28 -r-xr-xr-x   1 yarn     hadoop      26366 May 11  2018 ./__spark_libs__/javax.annotation-api-1.2.jar
7080142  236 -r-xr-xr-x   1 yarn     hadoop     241367 May 11  2018 ./__spark_libs__/commons-compress-1.4.1.jar
7080054 5344 -r-xr-xr-x   1 yarn     hadoop    5471699 May 11  2018 ./__spark_libs__/hive-metastore-1.21.2.2.6.5.0-292.jar
7080162 2328 -r-xr-xr-x   1 yarn     hadoop    2382246 May 11  2018 ./__spark_libs__/spark-network-common_2.11-2.3.0.2.6.5.0-292.jar
7080073 1032 -r-xr-xr-x   1 yarn     hadoop    1056168 May 11  2018 ./__spark_libs__/snappy-java-1.1.2.6.jar
7080101   48 -r-xr-xr-x   1 yarn     hadoop      48468 May 11  2018 ./__spark_libs__/jackson-dataformat-cbor-2.6.7.jar
7080154  164 -r-xr-xr-x   1 yarn     hadoop     164368 May 11  2018 ./__spark_libs__/antlr-runtime-3.4.jar
7080021  748 -r-xr-xr-x   1 yarn     hadoop     764569 May 11  2018 ./__spark_libs__/jtransforms-2.4.0.jar
7080187   96 -r-xr-xr-x   1 yarn     hadoop      96221 May 11  2018 ./__spark_libs__/commons-pool-1.5.4.jar
7079996    8 -r-xr-xr-x   1 yarn     hadoop       5950 May 11  2018 ./__spark_libs__/javax.inject-2.4.0-b34.jar
7080030 2076 -r-xr-xr-x   1 yarn     hadoop    2124934 May 11  2018 ./__spark_libs__/hadoop-yarn-api-2.7.3.2.6.5.0-292.jar
7080123  188 -r-xr-xr-x   1 yarn     hadoop     188671 May 11  2018 ./__spark_libs__/commons-beanutils-1.7.0.jar
7079984   64 -r-xr-xr-x   1 yarn     hadoop      62050 May 11  2018 ./__spark_libs__/commons-logging-1.1.3.jar
7080166   68 -r-xr-xr-x   1 yarn     hadoop      69409 May 11  2018 ./__spark_libs__/activation-1.1.1.jar
7080094   12 -r-xr-xr-x   1 yarn     hadoop      10166 May 11  2018 ./__spark_libs__/flatbuffers-1.2.0-3f79e055.jar
7080005   96 -r-xr-xr-x   1 yarn     hadoop      95806 May 11  2018 ./__spark_libs__/javax.servlet-api-3.1.0.jar
7079998  184 -r-xr-xr-x   1 yarn     hadoop     186273 May 11  2018 ./__spark_libs__/curator-framework-2.7.1.jar
7080146  524 -r-xr-xr-x   1 yarn     hadoop     533455 May 11  2018 ./__spark_libs__/protobuf-java-2.5.0.jar
7080140    8 -r-xr-xr-x   1 yarn     hadoop       4596 May 11  2018 ./__spark_libs__/jul-to-slf4j-1.7.16.jar
7080193 7560 -r-xr-xr-x   1 yarn     hadoop    7738929 May 11  2018 ./__spark_libs__/spark-mllib_2.11-2.3.0.2.6.5.0-292.jar
7079985 1412 -r-xr-xr-x   1 yarn     hadoop    1442210 May 11  2018 ./__spark_libs__/orc-core-1.4.3.2.6.5.0-292-nohive.jar
7080081   40 -r-xr-xr-x   1 yarn     hadoop      39283 May 11  2018 ./__spark_libs__/metrics-jvm-3.1.5.jar
7080076  740 -r-xr-xr-x   1 yarn     hadoop     754243 May 11  2018 ./__spark_libs__/hadoop-mapreduce-client-common-2.7.3.2.6.5.0-292.jar
7080120 3692 -r-xr-xr-x   1 yarn     hadoop    3780056 May 11  2018 ./__spark_libs__/netty-all-4.1.17.Final.jar
7080020  676 -r-xr-xr-x   1 yarn     hadoop     691479 May 11  2018 ./__spark_libs__/apacheds-kerberos-codec-2.0.0-M15.jar
7079994  256 -r-xr-xr-x   1 yarn     hadoop     258919 May 11  2018 ./__spark_libs__/jackson-core-2.6.7.jar
7080182 3588 -r-xr-xr-x   1 yarn     hadoop    3673761 May 11  2018 ./__spark_libs__/hadoop-common-2.7.3.2.6.5.0-292.jar
7080080  420 -r-xr-xr-x   1 yarn     hadoop     427780 May 11  2018 ./__spark_libs__/jodd-core-3.5.2.jar
7079972    4 -r-xr-xr-x   1 yarn     hadoop       2569 May 11  2018 ./__spark_libs__/hadoop-client-2.7.3.2.6.5.0-292.jar
7080179 1776 -r-xr-xr-x   1 yarn     hadoop    1816639 May 11  2018 ./__spark_libs__/hadoop-yarn-common-2.7.3.2.6.5.0-292.jar
7080147  308 -r-xr-xr-x   1 yarn     hadoop     313702 May 11  2018 ./__spark_libs__/libfb303-0.9.3.jar
7079983  280 -r-xr-xr-x   1 yarn     hadoop     286071 May 11  2018 ./__spark_libs__/parquet-encoding-1.8.2.jar
7080185  256 -r-xr-xr-x   1 yarn     hadoop     258370 May 11  2018 ./__spark_libs__/calcite-avatica-1.2.0-incubating.jar
7080041  208 -r-xr-xr-x   1 yarn     hadoop     212453 May 11  2018 ./__spark_libs__/commons-net-2.2.jar
7080008  100 -r-xr-xr-x   1 yarn     hadoop     100636 May 11  2018 ./__spark_libs__/jsp-api-2.1.jar
7079989  440 -r-xr-xr-x   1 yarn     hadoop     448794 May 11  2018 ./__spark_libs__/apache-log4j-extras-1.2.17.jar
7080100  200 -r-xr-xr-x   1 yarn     hadoop     202036 May 11  2018 ./__spark_libs__/hadoop-yarn-client-2.7.3.2.6.5.0-292.jar
7080091  184 -r-xr-xr-x   1 yarn     hadoop     185140 May 11  2018 ./__spark_libs__/commons-io-2.4.jar
7080161  144 -r-xr-xr-x   1 yarn     hadoop     144660 May 11  2018 ./__spark_libs__/xbean-asm5-shaded-4.4.jar
7080000  788 -r-xr-xr-x   1 yarn     hadoop     803548 May 11  2018 ./__spark_libs__/zookeeper-3.4.6.2.6.5.0-292.jar
7080156 1500 -r-xr-xr-x   1 yarn     hadoop    1535704 May 11  2018 ./__spark_libs__/hadoop-mapreduce-client-core-2.7.3.2.6.5.0-292.jar
7080048  140 -r-xr-xr-x   1 yarn     hadoop     139511 May 11  2018 ./__spark_libs__/hive-beeline-1.21.2.2.6.5.0-292.jar
7080090  300 -r-xr-xr-x   1 yarn     hadoop     305001 May 11  2018 ./__spark_libs__/commons-httpclient-3.1.jar
7079974  280 -r-xr-xr-x   1 yarn     hadoop     284220 May 11  2018 ./__spark_libs__/commons-lang-2.6.jar
7080181  112 -r-xr-xr-x   1 yarn     hadoop     110600 May 11  2018 ./__spark_libs__/bonecp-0.8.0.RELEASE.jar
7080129   64 -r-xr-xr-x   1 yarn     hadoop      65261 May 11  2018 ./__spark_libs__/oro-2.0.8.jar
7080049   64 -r-xr-xr-x   1 yarn     hadoop      65012 May 11  2018 ./__spark_libs__/guice-servlet-3.0.jar
7079963 8792 -r-xr-xr-x   1 yarn     hadoop    9001489 May 11  2018 ./__spark_libs__/spark-catalyst_2.11-2.3.0.2.6.5.0-292.jar
7080066  212 -r-xr-xr-x   1 yarn     hadoop     213911 May 11  2018 ./__spark_libs__/jline-2.12.1.jar
7080044  292 -r-xr-xr-x   1 yarn     hadoop     298829 May 11  2018 ./__spark_libs__/commons-configuration-1.6.jar
7080022   64 -r-xr-xr-x   1 yarn     hadoop      64907 May 11  2018 ./__spark_libs__/spark-network-shuffle_2.11-2.3.0.2.6.5.0-292.jar
7080027  684 -r-xr-xr-x   1 yarn     hadoop     698375 May 11  2018 ./__spark_libs__/jersey-common-2.22.2.jar
7080121  184 -r-xr-xr-x   1 yarn     hadoop     187882 May 11  2018 ./__spark_libs__/breeze-macros_2.11-0.13.2.jar
7080137   60 -r-xr-xr-x   1 yarn     hadoop      60483 May 11  2018 ./__spark_libs__/chill-java-0.8.4.jar
7080176   36 -r-xr-xr-x   1 yarn     hadoop      33015 May 11  2018 ./__spark_libs__/jsr305-1.3.9.jar
7080078  268 -r-xr-xr-x   1 yarn     hadoop     270342 May 11  2018 ./__spark_libs__/curator-recipes-2.7.1.jar
7080056   68 -r-xr-xr-x   1 yarn     hadoop      65928 May 11  2018 ./__spark_libs__/okio-1.6.0.jar
7080111 1204 -r-xr-xr-x   1 yarn     hadoop    1229125 May 11  2018 ./__spark_libs__/xercesImpl-2.9.1.jar
7079993 3864 -r-xr-xr-x   1 yarn     hadoop    3955990 May 11  2018 ./__spark_libs__/bcprov-jdk15on-1.58.jar
7080043   40 -r-xr-xr-x   1 yarn     hadoop      40509 May 11  2018 ./__spark_libs__/slf4j-api-1.7.16.jar
7080063   88 -r-xr-xr-x   1 yarn     hadoop      87192 May 11  2018 ./__spark_libs__/spire-macros_2.11-0.13.0.jar
7079967  296 -r-xr-xr-x   1 yarn     hadoop     299508 May 11  2018 ./__spark_libs__/nimbus-jose-jwt-4.41.1.jar
7080002  192 -r-xr-xr-x   1 yarn     hadoop     192993 May 11  2018 ./__spark_libs__/avro-ipc-1.7.7.jar
7080085  768 -r-xr-xr-x   1 yarn     hadoop     785810 May 11  2018 ./__spark_libs__/azure-storage-5.4.0.jar
7080037  104 -r-xr-xr-x   1 yarn     hadoop     105134 May 11  2018 ./__spark_libs__/jaxb-api-2.2.2.jar
7080134   16 -r-xr-xr-x   1 yarn     hadoop      15071 May 11  2018 ./__spark_libs__/jta-1.1.jar
7080106  132 -r-xr-xr-x   1 yarn     hadoop     134595 May 11  2018 ./__spark_libs__/commons-crypto-1.0.0.jar
7080055    4 -r-xr-xr-x   1 yarn     hadoop       3142 May 11  2018 ./__spark_libs__/macro-compat_2.11-1.1.1.jar
7080165 1768 -r-xr-xr-x   1 yarn     hadoop    1809447 May 11  2018 ./__spark_libs__/datanucleus-rdbms-3.2.9.jar
7080143  936 -r-xr-xr-x   1 yarn     hadoop     956984 May 11  2018 ./__spark_libs__/parquet-column-1.8.2.jar
7080180   20 -r-xr-xr-x   1 yarn     hadoop      19134 May 11  2018 ./__spark_libs__/jetty-sslengine-6.1.26.hwx.jar
7080152 3312 -r-xr-xr-x   1 yarn     hadoop    3390251 May 11  2018 ./__spark_libs__/gcs-connector-1.8.1.2.6.5.0-292-shaded.jar
7080184  116 -r-xr-xr-x   1 yarn     hadoop     116859 May 11  2018 ./__spark_libs__/py4j-0.10.6.jar
7080031    4 -r-xr-xr-x   1 yarn     hadoop       2497 May 11  2018 ./__spark_libs__/javax.inject-1.jar
7079978 1140 -r-xr-xr-x   1 yarn     hadoop    1165323 May 11  2018 ./__spark_libs__/jackson-databind-2.6.7.1.jar
7080150  128 -r-xr-xr-x   1 yarn     hadoop     130802 May 11  2018 ./__spark_libs__/aircompressor-0.8.jar
7080035  164 -r-xr-xr-x   1 yarn     hadoop     167421 May 11  2018 ./__spark_libs__/jersey-client-2.22.2.jar
7080046   84 -r-xr-xr-x   1 yarn     hadoop      82421 May 11  2018 ./__spark_libs__/json4s-ast_2.11-3.2.11.jar
7080075 1024 -r-xr-xr-x   1 yarn     hadoop    1045744 May 11  2018 ./__spark_libs__/leveldbjni-all-1.8.jar
7079988   52 -r-xr-xr-x   1 yarn     hadoop      52076 May 11  2018 ./__spark_libs__/arrow-format-0.8.0.jar
7080019   16 -r-xr-xr-x   1 yarn     hadoop      15492 May 11  2018 ./__spark_libs__/spark-tags_2.11-2.3.0.2.6.5.0-292.jar
7080114  788 -r-xr-xr-x   1 yarn     hadoop     802818 May 11  2018 ./__spark_libs__/scalap-2.11.8.jar
7080064  656 -r-xr-xr-x   1 yarn     hadoop     671138 May 11  2018 ./__spark_libs__/scala-xml_2.11-1.0.5.jar
7080077  148 -r-xr-xr-x   1 yarn     hadoop     148627 May 11  2018 ./__spark_libs__/stringtemplate-3.2.1.jar
7080087  200 -r-xr-xr-x   1 yarn     hadoop     201928 May 11  2018 ./__spark_libs__/RoaringBitmap-0.5.11.jar
7079968  364 -r-xr-xr-x   1 yarn     hadoop     370119 May 11  2018 ./__spark_libs__/lz4-java-1.4.0.jar
7080117  472 -r-xr-xr-x   1 yarn     hadoop     479881 May 11  2018 ./__spark_libs__/commons-lang3-3.5.jar
7080172  504 -r-xr-xr-x   1 yarn     hadoop     516062 May 11  2018 ./__spark_libs__/aws-java-sdk-core-1.10.6.jar
7079992  120 -r-xr-xr-x   1 yarn     hadoop     120465 May 11  2018 ./__spark_libs__/metrics-core-3.1.5.jar
7080139    8 -r-xr-xr-x   1 yarn     hadoop       4722 May 11  2018 ./__spark_libs__/jcip-annotations-1.0-1.jar
7079975  220 -r-xr-xr-x   1 yarn     hadoop     224167 May 11  2018 ./__spark_libs__/chill_2.11-0.8.4.jar
7079986   64 -r-xr-xr-x   1 yarn     hadoop      63777 May 11  2018 ./__spark_libs__/validation-api-1.1.0.Final.jar
7080124  116 -r-xr-xr-x   1 yarn     hadoop     115534 May 11  2018 ./__spark_libs__/javax.ws.rs-api-2.0.1.jar
7080052  740 -r-xr-xr-x   1 yarn     hadoop     757657 May 11  2018 ./__spark_libs__/orc-mapreduce-1.4.3.2.6.5.0-292-nohive.jar
7079965 8500 -r-xr-xr-x   1 yarn     hadoop    8701418 May 11  2018 ./__spark_libs__/spark-sql_2.11-2.3.0.2.6.5.0-292.jar
7080107   52 -r-xr-xr-x   1 yarn     hadoop      53057 May 11  2018 ./__spark_libs__/spark-kvstore_2.11-2.3.0.2.6.5.0-292.jar
7080098   12 -r-xr-xr-x   1 yarn     hadoop      12131 May 11  2018 ./__spark_libs__/jpam-1.1.jar
7080095 4468 -r-xr-xr-x   1 yarn     hadoop    4573750 May 11  2018 ./__spark_libs__/scala-reflect-2.11.8.jar
7080059  100 -r-xr-xr-x   1 yarn     hadoop     102267 May 11  2018 ./__spark_libs__/hive-jdbc-1.21.2.2.6.5.0-292.jar
7080190   20 -r-xr-xr-x   1 yarn     hadoop      19827 May 11  2018 ./__spark_libs__/opencsv-2.3.jar
7080062 2000 -r-xr-xr-x   1 yarn     hadoop    2046361 May 11  2018 ./__spark_libs__/jets3t-0.9.4.jar
7080191 1772 -r-xr-xr-x   1 yarn     hadoop    1812182 May 11  2018 ./__spark_libs__/spark-hive-thriftserver_2.11-2.3.0.2.6.5.0-292.jar
7079990  188 -r-xr-xr-x   1 yarn     hadoop     190432 May 11  2018 ./__spark_libs__/gson-2.2.4.jar
7080003 1284 -r-xr-xr-x   1 yarn     hadoop    1313542 May 11  2018 ./__spark_libs__/spark-hive_2.11-2.3.0.2.6.5.0-292.jar
7080067   32 -r-xr-xr-x   1 yarn     hadoop      30108 May 11  2018 ./__spark_libs__/spark-sketch_2.11-2.3.0.2.6.5.0-292.jar
7080004   80 -r-xr-xr-x   1 yarn     hadoop      80185 May 11  2018 ./__spark_libs__/spark-launcher_2.11-2.3.0.2.6.5.0-292.jar
7079982  428 -r-xr-xr-x   1 yarn     hadoop     436303 May 11  2018 ./__spark_libs__/avro-1.7.7.jar
7080188  232 -r-xr-xr-x   1 yarn     hadoop     236660 May 11  2018 ./__spark_libs__/ST4-4.0.4.jar
7080112   40 -r-xr-xr-x   1 yarn     hadoop      40341 May 11  2018 ./__spark_libs__/json4s-jackson_2.11-3.2.11.jar
7080071 9888 -r-xr-xr-x   1 yarn     hadoop   10121868 May 11  2018 ./__spark_libs__/spire_2.11-0.13.0.jar
7080092   72 -r-xr-xr-x   1 yarn     hadoop      72733 May 11  2018 ./__spark_libs__/jersey-media-jaxb-2.22.2.jar
7080093 5612 -r-xr-xr-x   1 yarn     hadoop    5744974 May 11  2018 ./__spark_libs__/scala-library-2.11.8.jar
7080153  528 -r-xr-xr-x   1 yarn     hadoop     540298 May 11  2018 ./__spark_libs__/jetty-6.1.26.hwx.jar
7080061  576 -r-xr-xr-x   1 yarn     hadoop     588337 May 11  2018 ./__spark_libs__/commons-collections-3.2.2.jar
7080159  180 -r-xr-xr-x   1 yarn     hadoop     181271 May 11  2018 ./__spark_libs__/hk2-locator-2.4.0-b34.jar
7080125 15128 -r-xr-xr-x   1 yarn     hadoop   15487351 May 11  2018 ./__spark_libs__/scala-compiler-2.11.8.jar
7080015  700 -r-xr-xr-x   1 yarn     hadoop     714194 May 11  2018 ./__spark_libs__/javassist-3.18.1-GA.jar
7080157   80 -r-xr-xr-x   1 yarn     hadoop      77882 May 11  2018 ./__spark_libs__/json-smart-1.3.1.jar
7080130    8 -r-xr-xr-x   1 yarn     hadoop       5711 May 11  2018 ./__spark_libs__/minlog-1.3.0.jar
7080047   44 -r-xr-xr-x   1 yarn     hadoop      41123 May 11  2018 ./__spark_libs__/commons-cli-1.2.jar
7080013   24 -r-xr-xr-x   1 yarn     hadoop      23346 May 11  2018 ./__spark_libs__/stax-api-1.0-2.jar
7080171  200 -r-xr-xr-x   1 yarn     hadoop     201124 May 11  2018 ./__spark_libs__/jdo-api-3.0.1.jar
7079979  616 -r-xr-xr-x   1 yarn     hadoop     627814 May 11  2018 ./__spark_libs__/joda-time-2.9.3.jar
7080186   96 -r-xr-xr-x   1 yarn     hadoop      94672 May 11  2018 ./__spark_libs__/xz-1.0.jar
7080070  100 -r-xr-xr-x   1 yarn     hadoop     101565 May 11  2018 ./__spark_libs__/hadoop-yarn-registry-2.7.3.2.6.5.0-292.jar
7080164  280 -r-xr-xr-x   1 yarn     hadoop     284184 May 11  2018 ./__spark_libs__/commons-codec-1.10.jar
7080108   20 -r-xr-xr-x   1 yarn     hadoop      20235 May 11  2018 ./__spark_libs__/osgi-resource-locator-1.0.1.jar
7079961   80 -r-xr-xr-x   1 yarn     hadoop      79150 May 11  2018 ./__spark_libs__/arrow-memory-0.8.0.jar
7080034   20 -r-xr-xr-x   1 yarn     hadoop      17399 May 11  2018 ./__spark_libs__/hadoop-annotations-2.7.3.2.6.5.0-292.jar
7080014  204 -r-xr-xr-x   1 yarn     hadoop     206035 May 11  2018 ./__spark_libs__/commons-beanutils-core-1.8.0.jar
7080072  172 -r-xr-xr-x   1 yarn     hadoop     174351 May 11  2018 ./__spark_libs__/stream-2.7.0.jar
7080045 1632 -r-xr-xr-x   1 yarn     hadoop    1671083 May 11  2018 ./__spark_libs__/hppc-0.7.2.jar
7080167  560 -r-xr-xr-x   1 yarn     hadoop     570101 May 11  2018 ./__spark_libs__/aws-java-sdk-s3-1.10.6.jar
7080104  120 -r-xr-xr-x   1 yarn     hadoop     120722 May 11  2018 ./__spark_libs__/spark-repl_2.11-2.3.0.2.6.5.0-292.jar
7080113  780 -r-xr-xr-x   1 yarn     hadoop     796326 May 11  2018 ./__spark_libs__/janino-3.0.8.jar
7079981   56 -r-xr-xr-x   1 yarn     hadoop      54496 May 11  2018 ./__spark_libs__/hadoop-mapreduce-client-shuffle-2.7.3.2.6.5.0-292.jar
7080006   92 -r-xr-xr-x   1 yarn     hadoop      93210 May 11  2018 ./__spark_libs__/super-csv-2.2.0.jar
7080084  952 -r-xr-xr-x   1 yarn     hadoop     971310 May 11  2018 ./__spark_libs__/jersey-guava-2.22.2.jar
7079966   44 -r-xr-xr-x   1 yarn     hadoop      44925 May 11  2018 ./__spark_libs__/apacheds-i18n-2.0.0-M15.jar
7080135  320 -r-xr-xr-x   1 yarn     hadoop     326724 May 11  2018 ./__spark_libs__/httpcore-4.4.4.jar
7080133   40 -r-xr-xr-x   1 yarn     hadoop      37887 May 11  2018 ./__spark_libs__/commons-compiler-3.0.8.jar
7080189  324 -r-xr-xr-x   1 yarn     hadoop     331034 May 11  2018 ./__spark_libs__/okhttp-2.7.5.jar
7080089   16 -r-xr-xr-x   1 yarn     hadoop      15824 May 11  2018 ./__spark_libs__/metrics-json-3.1.5.jar
7080099   44 -r-xr-xr-x   1 yarn     hadoop      42032 May 11  2018 ./__spark_libs__/parquet-common-1.8.2.jar
7079969 2732 -r-xr-xr-x   1 yarn     hadoop    2796935 May 11  2018 ./__spark_libs__/parquet-hadoop-bundle-1.6.0.jar
7080012  352 -r-xr-xr-x   1 yarn     hadoop     358390 May 11  2018 ./__spark_libs__/kryo-shaded-3.0.3.jar
7080040  176 -r-xr-xr-x   1 yarn     hadoop     178947 May 11  2018 ./__spark_libs__/hk2-api-2.4.0-b34.jar
7080110   48 -r-xr-xr-x   1 yarn     hadoop      48983 May 11  2018 ./__spark_libs__/spark-unsafe_2.11-2.3.0.2.6.5.0-292.jar
7080028 12712 -r-xr-xr-x   1 yarn     hadoop   13014241 May 11  2018 ./__spark_libs__/spark-core_2.11-2.3.0.2.6.5.0-292.jar
7080016   80 -r-xr-xr-x   1 yarn     hadoop      78849 May 11  2018 ./__spark_libs__/azure-data-lake-store-sdk-2.1.4.jar
7080119  332 -r-xr-xr-x   1 yarn     hadoop     339666 May 11  2018 ./__spark_libs__/datanucleus-api-jdo-3.2.6.jar
7080026  232 -r-xr-xr-x   1 yarn     hadoop     234201 May 11  2018 ./__spark_libs__/libthrift-0.9.3.jar
7080074   12 -r-xr-xr-x   1 yarn     hadoop      11502 May 11  2018 ./__spark_libs__/spark-hadoop-cloud_2.11-2.3.0.2.6.5.0-292.jar
7079991   20 -r-xr-xr-x   1 yarn     hadoop      16560 May 11  2018 ./__spark_libs__/api-asn1-api-1.0.0-M20.jar
7080079   36 -r-xr-xr-x   1 yarn     hadoop      34654 May 11  2018 ./__spark_libs__/paranamer-2.8.jar
7080036   20 -r-xr-xr-x   1 yarn     hadoop      18098 May 11  2018 ./__spark_libs__/jersey-container-servlet-2.22.2.jar
7080053  228 -r-xr-xr-x   1 yarn     hadoop     232248 May 11  2018 ./__spark_libs__/jackson-core-asl-1.9.13.jar
7079980   20 -r-xr-xr-x   1 yarn     hadoop      17008 May 11  2018 ./__spark_libs__/base64-2.3.8.jar
7080136 1256 -r-xr-xr-x   1 yarn     hadoop    1282424 May 11  2018 ./__spark_libs__/ivy-2.4.0.jar
7079977  436 -r-xr-xr-x   1 yarn     hadoop     445288 May 11  2018 ./__spark_libs__/antlr-2.7.7.jar
7080145 3444 -r-xr-xr-x   1 yarn     hadoop    3522616 May 11  2018 ./__spark_libs__/shapeless_2.11-2.3.2.jar
7080103   20 -r-xr-xr-x   1 yarn     hadoop      16430 May 11  2018 ./__spark_libs__/jcl-over-slf4j-1.7.16.jar
7079962  436 -r-xr-xr-x   1 yarn     hadoop     442406 May 11  2018 ./__spark_libs__/calcite-linq4j-1.2.0-incubating.jar
7209653    4 -rw-r--r--   1 yarn     hadoop         12 Dec 20 04:19 ./.container_tokens.crc
7209655    4 -rw-r--r--   1 yarn     hadoop         56 Dec 20 04:19 ./.launch_container.sh.crc
7209568   80 -r-x------   1 yarn     hadoop      80352 Dec 20 04:19 ./py4j-0.10.6-src.zip
7209656    4 -rwx------   1 yarn     hadoop        642 Dec 20 04:19 ./default_container_executor_session.sh
broken symlinks(find -L . -maxdepth 5 -type l -ls):

End of LogType:directory.info
*******************************************************************************

Container: container_1565300265360_42149_02_000001 on wn05.itversity.com_45454
LogAggregationType: AGGREGATED
==============================================================================
LogType:stderr
LogLastModifiedTime:Fri Dec 20 04:19:55 -0500 2019
LogLength:2560
LogContents:
SLF4J: Class path contains multiple SLF4J bindings.
SLF4J: Found binding in [jar:file:/hadoop/yarn/local/filecache/11/spark2-hdp-yarn-archive.tar.gz/slf4j-log4j12-1.7.16.jar!/org/slf4j/impl/StaticLoggerBinder.class]
SLF4J: Found binding in [jar:file:/usr/hdp/2.6.5.0-292/hadoop/lib/slf4j-log4j12-1.7.10.jar!/org/slf4j/impl/StaticLoggerBinder.class]
SLF4J: See http://www.slf4j.org/codes.html#multiple_bindings for an explanation.
SLF4J: Actual binding is of type [org.slf4j.impl.Log4jLoggerFactory]
19/12/20 04:19:55 ERROR ApplicationMaster: User application exited with status 1
19/12/20 04:19:55 ERROR ApplicationMaster: Uncaught exception: 
org.apache.spark.SparkException: Exception thrown in awaitResult: 
	at org.apache.spark.util.ThreadUtils$.awaitResult(ThreadUtils.scala:205)
	at org.apache.spark.deploy.yarn.ApplicationMaster.runDriver(ApplicationMaster.scala:498)
	at org.apache.spark.deploy.yarn.ApplicationMaster.org$apache$spark$deploy$yarn$ApplicationMaster$$runImpl(ApplicationMaster.scala:345)
	at org.apache.spark.deploy.yarn.ApplicationMaster$$anonfun$run$2.apply$mcV$sp(ApplicationMaster.scala:260)
	at org.apache.spark.deploy.yarn.ApplicationMaster$$anonfun$run$2.apply(ApplicationMaster.scala:260)
	at org.apache.spark.deploy.yarn.ApplicationMaster$$anonfun$run$2.apply(ApplicationMaster.scala:260)
	at org.apache.spark.deploy.yarn.ApplicationMaster$$anon$5.run(ApplicationMaster.scala:815)
	at java.security.AccessController.doPrivileged(Native Method)
	at javax.security.auth.Subject.doAs(Subject.java:422)
	at org.apache.hadoop.security.UserGroupInformation.doAs(UserGroupInformation.java:1869)
	at org.apache.spark.deploy.yarn.ApplicationMaster.doAsUser(ApplicationMaster.scala:814)
	at org.apache.spark.deploy.yarn.ApplicationMaster.run(ApplicationMaster.scala:259)
	at org.apache.spark.deploy.yarn.ApplicationMaster$.main(ApplicationMaster.scala:839)
	at org.apache.spark.deploy.yarn.ApplicationMaster.main(ApplicationMaster.scala)
Caused by: org.apache.spark.SparkUserAppException: User application exited with 1
	at org.apache.spark.deploy.PythonRunner$.main(PythonRunner.scala:102)
	at org.apache.spark.deploy.PythonRunner.main(PythonRunner.scala)
	at sun.reflect.NativeMethodAccessorImpl.invoke0(Native Method)
	at sun.reflect.NativeMethodAccessorImpl.invoke(NativeMethodAccessorImpl.java:62)
	at sun.reflect.DelegatingMethodAccessorImpl.invoke(DelegatingMethodAccessorImpl.java:43)
	at java.lang.reflect.Method.invoke(Method.java:498)
	at org.apache.spark.deploy.yarn.ApplicationMaster$$anon$4.run(ApplicationMaster.scala:721)

End of LogType:stderr
***********************************************************************


End of LogType:prelaunch.err
******************************************************************************

Container: container_1565300265360_42149_02_000001 on wn05.itversity.com_45454
LogAggregationType: AGGREGATED
==============================================================================
LogType:launch_container.sh
LogLastModifiedTime:Fri Dec 20 04:19:53 -0500 2019
LogLength:5763
LogContents:
#!/bin/bash

set -o pipefail -e
export PRELAUNCH_OUT="/hadoop/yarn/log/application_1565300265360_42149/container_1565300265360_42149_02_000001/prelaunch.out"
exec >"${PRELAUNCH_OUT}"
export PRELAUNCH_ERR="/hadoop/yarn/log/application_1565300265360_42149/container_1565300265360_42149_02_000001/prelaunch.err"
exec 2>"${PRELAUNCH_ERR}"
echo "Setting up env variables"
export SPARK_YARN_STAGING_DIR="hdfs://nn01.itversity.com:8020/user/jdsatpathy/.sparkStaging/application_1565300265360_42149"
export PATH="/usr/sbin:/sbin:/usr/lib/ambari-server/*:/usr/local/sbin:/usr/local/bin:/usr/sbin:/usr/bin:/var/lib/ambari-agent"
export HADOOP_CONF_DIR=${HADOOP_CONF_DIR:-"/usr/hdp/2.6.5.0-292/hadoop/conf"}
export MAX_APP_ATTEMPTS="2"
export JAVA_HOME=${JAVA_HOME:-"/usr/jdk64/jdk1.8.0_77"}
export LANG="en_US.UTF-8"
export APP_SUBMIT_TIME_ENV="1576833587942"
export NM_HOST="wn05.itversity.com"
export PYSPARK_PYTHON="python3.6"
export LOGNAME="jdsatpathy"
export JVM_PID="$$"
export PWD="/hadoop/yarn/local/usercache/jdsatpathy/appcache/application_1565300265360_42149/container_1565300265360_42149_02_000001"
export PYTHONHASHSEED="0"
export LOCAL_DIRS="/hadoop/yarn/local/usercache/jdsatpathy/appcache/application_1565300265360_42149"
export PYTHONPATH="$PWD/pyspark.zip:$PWD/py4j-0.10.6-src.zip"
export APPLICATION_WEB_PROXY_BASE="/proxy/application_1565300265360_42149"
export NM_HTTP_PORT="8042"
export LOG_DIRS="/hadoop/yarn/log/application_1565300265360_42149/container_1565300265360_42149_02_000001"
export NM_AUX_SERVICE_mapreduce_shuffle="AAA0+gAAAAAAAAAAAAAAAAAAAAAAAAAAAAAAAAAAAAA=
"
export NM_PORT="45454"
export USER="jdsatpathy"
export HADOOP_YARN_HOME=${HADOOP_YARN_HOME:-"/usr/hdp/2.6.5.0-292/hadoop-yarn"}
export CLASSPATH="$PWD:$PWD/__spark_conf__:$PWD/__spark_libs__/*:/usr/hdp/2.6.5.0-292/hadoop/conf:/usr/hdp/2.6.5.0-292/hadoop/*:/usr/hdp/2.6.5.0-292/hadoop/lib/*:/usr/hdp/current/hadoop-hdfs-client/*:/usr/hdp/current/hadoop-hdfs-client/lib/*:/usr/hdp/current/hadoop-yarn-client/*:/usr/hdp/current/hadoop-yarn-client/lib/*:/usr/hdp/current/ext/hadoop/*:$PWD/mr-framework/hadoop/share/hadoop/mapreduce/*:$PWD/mr-framework/hadoop/share/hadoop/mapreduce/lib/*:$PWD/mr-framework/hadoop/share/hadoop/common/*:$PWD/mr-framework/hadoop/share/hadoop/common/lib/*:$PWD/mr-framework/hadoop/share/hadoop/yarn/*:$PWD/mr-framework/hadoop/share/hadoop/yarn/lib/*:$PWD/mr-framework/hadoop/share/hadoop/hdfs/*:$PWD/mr-framework/hadoop/share/hadoop/hdfs/lib/*:$PWD/mr-framework/hadoop/share/hadoop/tools/lib/*:/usr/hdp/2.6.5.0-292/hadoop/lib/hadoop-lzo-0.6.0.2.6.5.0-292.jar:/etc/hadoop/conf/secure:/usr/hdp/current/ext/hadoop/*:$PWD/__spark_conf__/__hadoop_conf__"
export HADOOP_TOKEN_FILE_LOCATION="/hadoop/yarn/local/usercache/jdsatpathy/appcache/application_1565300265360_42149/container_1565300265360_42149_02_000001/container_tokens"
export NM_AUX_SERVICE_spark_shuffle=""
export SPARK_USER="jdsatpathy"
export LOCAL_USER_DIRS="/hadoop/yarn/local/usercache/jdsatpathy/"
export HADOOP_HOME="/usr/hdp/2.6.5.0-292/hadoop"
export HOME="/home/"
export NM_AUX_SERVICE_spark2_shuffle=""
export CONTAINER_ID="container_1565300265360_42149_02_000001"
export MALLOC_ARENA_MAX="4"
echo "Setting up job resources"
ln -sf "/hadoop/yarn/local/usercache/jdsatpathy/filecache/350/ingest.py" "ingest.py"
ln -sf "/hadoop/yarn/local/usercache/jdsatpathy/filecache/346/application.properties" "application.properties"
ln -sf "/hadoop/yarn/local/usercache/jdsatpathy/filecache/347/pyspark.zip" "pyspark.zip"
ln -sf "/hadoop/yarn/local/usercache/jdsatpathy/filecache/348/py4j-0.10.6-src.zip" "py4j-0.10.6-src.zip"
ln -sf "/hadoop/yarn/local/usercache/jdsatpathy/filecache/349/__spark_conf__.zip" "__spark_conf__"
ln -sf "/hadoop/yarn/local/filecache/11/spark2-hdp-yarn-archive.tar.gz" "__spark_libs__"
echo "Copying debugging information"
# Creating copy of launch script
cp "launch_container.sh" "/hadoop/yarn/log/application_1565300265360_42149/container_1565300265360_42149_02_000001/launch_container.sh"
chmod 640 "/hadoop/yarn/log/application_1565300265360_42149/container_1565300265360_42149_02_000001/launch_container.sh"
# Determining directory contents
echo "ls -l:" 1>"/hadoop/yarn/log/application_1565300265360_42149/container_1565300265360_42149_02_000001/directory.info"
ls -l 1>>"/hadoop/yarn/log/application_1565300265360_42149/container_1565300265360_42149_02_000001/directory.info"
echo "find -L . -maxdepth 5 -ls:" 1>>"/hadoop/yarn/log/application_1565300265360_42149/container_1565300265360_42149_02_000001/directory.info"
find -L . -maxdepth 5 -ls 1>>"/hadoop/yarn/log/application_1565300265360_42149/container_1565300265360_42149_02_000001/directory.info"
echo "broken symlinks(find -L . -maxdepth 5 -type l -ls):" 1>>"/hadoop/yarn/log/application_1565300265360_42149/container_1565300265360_42149_02_000001/directory.info"
find -L . -maxdepth 5 -type l -ls 1>>"/hadoop/yarn/log/application_1565300265360_42149/container_1565300265360_42149_02_000001/directory.info"
echo "Launching container"
exec /bin/bash -c "LD_LIBRARY_PATH="/usr/hdp/current/hadoop-client/lib/native:/usr/hdp/current/hadoop-client/lib/native/Linux-amd64-64:$LD_LIBRARY_PATH" $JAVA_HOME/bin/java -server -Xmx1024m -Djava.io.tmpdir=$PWD/tmp -Dhdp.version=2.6.5.0-292 -Dspark.yarn.app.container.log.dir=/hadoop/yarn/log/application_1565300265360_42149/container_1565300265360_42149_02_000001 org.apache.spark.deploy.yarn.ApplicationMaster --class 'org.apache.spark.deploy.PythonRunner' --primary-py-file ingest.py --arg 'prod' --properties-file $PWD/__spark_conf__/__spark_conf__.properties 1> /hadoop/yarn/log/application_1565300265360_42149/container_1565300265360_42149_02_000001/stdout 2> /hadoop/yarn/log/application_1565300265360_42149/container_1565300265360_42149_02_000001/stderr"

End of LogType:launch_container.sh
************************************************************************************

Container: container_1565300265360_42149_02_000001 on wn05.itversity.com_45454
LogAggregationType: AGGREGATED
==============================================================================
LogType:stdout
LogLastModifiedTime:Fri Dec 20 04:19:55 -0500 2019
LogLength:675
LogContents:
Traceback (most recent call last):
  File "/usr/lib64/python3.6/configparser.py", line 1138, in _unify_values
    sectiondict = self._sections[section]
KeyError: 'prod'

During handling of the above exception, another exception occurred:

Traceback (most recent call last):
  File "ingest.py", line 45, in <module>
    main()
  File "ingest.py", line 11, in main
    input_path = env_prop.get(env, "input.path")
  File "/usr/lib64/python3.6/configparser.py", line 781, in get
    d = self._unify_values(section, vars)
  File "/usr/lib64/python3.6/configparser.py", line 1141, in _unify_values
    raise NoSectionError(section)
configparser.NoSectionError: No section: 'prod'

End of LogType:stdout
***********************************************************************

